[PARSEC] [========== PARSEC 3.0-beta-20120904 BUILD LOGFILE ==========]

[PARSEC] Build amd64-linux.gcc-sse-hooks started on Thu Aug 18 14:28:10 CEST 2016.
[PARSEC] Packages to build:  parsec.simd.fluidanimate

[PARSEC] [========== Building package parsec.simd.fluidanimate [1] ==========]
[PARSEC] [---------- Analyzing package parsec.simd.fluidanimate ----------]
[PARSEC] parsec.simd.fluidanimate depends on: hooks
[PARSEC] [---------- Analyzing package parsec.hooks ----------]
[PARSEC] parsec.hooks depends on: libtool
[PARSEC] [---------- Analyzing package parsec.libtool ----------]
[PARSEC] parsec.libtool does not depend on any other packages.
[PARSEC] [---------- Building package parsec.libtool ----------]
[PARSEC] Running 'env LIBS= /home/jcebrian/parvec-3.0_bitbucket/bin/../pkgs/tools/libtool/src/configure --prefix=/home/jcebrian/parvec-3.0_bitbucket/bin/../pkgs/tools/libtool/inst/amd64-linux.gcc-sse-hooks':
## ------------------------- ##
## Configuring libtool 2.2.6 ##
## ------------------------- ##

checking for a BSD-compatible install... /home/jcebrian/parvec-3.0_bitbucket/bin/../bin/install -c
checking whether build environment is sane... yes
checking for a thread-safe mkdir -p... /bin/mkdir -p
checking for gawk... gawk
checking whether /usr/bin/make -j4 sets $(MAKE)... yes
checking whether subdir libobjs are useable... yes
checking for gcc... /home/jcebrian/extras/gcc-6.1.0/bin/gcc
checking whether the C compiler works... yes
checking for C compiler default output file name... a.out
checking for suffix of executables... 
checking whether we are cross compiling... no
checking for suffix of object files... o
checking whether we are using the GNU C compiler... yes
checking whether /home/jcebrian/extras/gcc-6.1.0/bin/gcc accepts -g... yes
checking for /home/jcebrian/extras/gcc-6.1.0/bin/gcc option to accept ISO C89... none needed
checking for style of include used by /usr/bin/make -j4... GNU
checking dependency style of /home/jcebrian/extras/gcc-6.1.0/bin/gcc... gcc3
checking whether /home/jcebrian/extras/gcc-6.1.0/bin/gcc and cc understand -c and -o together... yes
checking how to run the C preprocessor... /home/jcebrian/extras/gcc-6.1.0/bin/cpp
checking build system type... x86_64-unknown-linux-gnu
checking host system type... x86_64-unknown-linux-gnu
checking for a sed that does not truncate output... /bin/sed
checking for grep that handles long lines and -e... /bin/grep
checking for egrep... /bin/grep -E
checking for fgrep... /bin/grep -F
checking for ld used by /home/jcebrian/extras/gcc-6.1.0/bin/gcc... /usr/bin/ld
checking if the linker (/usr/bin/ld) is GNU ld... yes
checking for BSD- or MS-compatible name lister (nm)... /usr/bin/nm -B
checking the name lister (/usr/bin/nm -B) interface... BSD nm
checking whether ln -s works... yes
checking the maximum length of command line arguments... 1572864
checking whether the shell understands some XSI constructs... yes
checking whether the shell understands "+="... yes
checking for /usr/bin/ld option to reload object files... -r
checking for objdump... objdump
checking how to recognize dependent libraries... pass_all
checking for ar... /usr/bin/ar
checking for strip... /usr/bin/strip
checking for ranlib... /usr/bin/ranlib
checking command to parse /usr/bin/nm -B output from /home/jcebrian/extras/gcc-6.1.0/bin/gcc object... ok
checking for ANSI C header files... yes
checking for sys/types.h... yes
checking for sys/stat.h... yes
checking for stdlib.h... yes
checking for string.h... yes
checking for memory.h... yes
checking for strings.h... yes
checking for inttypes.h... yes
checking for stdint.h... yes
checking for unistd.h... yes
checking for dlfcn.h... yes
checking for objdir... .libs
checking if /home/jcebrian/extras/gcc-6.1.0/bin/gcc supports -fno-rtti -fno-exceptions... no
checking for /home/jcebrian/extras/gcc-6.1.0/bin/gcc option to produce PIC... -fPIC -DPIC
checking if /home/jcebrian/extras/gcc-6.1.0/bin/gcc PIC flag -fPIC -DPIC works... yes
checking if /home/jcebrian/extras/gcc-6.1.0/bin/gcc static flag -static works... yes
checking if /home/jcebrian/extras/gcc-6.1.0/bin/gcc supports -c -o file.o... yes
checking if /home/jcebrian/extras/gcc-6.1.0/bin/gcc supports -c -o file.o... (cached) yes
checking whether the /home/jcebrian/extras/gcc-6.1.0/bin/gcc linker (/usr/bin/ld -m elf_x86_64) supports shared libraries... yes
checking whether -lc should be explicitly linked in... no
checking dynamic linker characteristics... GNU/Linux ld.so
checking how to hardcode library paths into programs... immediate
checking for shl_load... no
checking for shl_load in -ldld... no
checking for dlopen... no
checking for dlopen in -ldl... yes
checking whether a program can dlopen itself... yes
checking whether a statically linked program can dlopen itself... no
checking whether stripping libraries is possible... yes
checking if libtool supports shared libraries... yes
checking whether to build shared libraries... yes
checking whether to build static libraries... yes
checking which extension is used for runtime loadable modules... .so
checking which variable specifies run-time module search path... LD_LIBRARY_PATH
checking for the default library search path... /lib /usr/lib /usr/lib/x86_64-linux-gnu/libfakeroot /usr/lib/i386-linux-gnu/mesa /lib/i386-linux-gnu /usr/lib/i386-linux-gnu /lib/i686-linux-gnu /usr/lib/i686-linux-gnu /usr/local/lib /lib/x86_64-linux-gnu /usr/lib/x86_64-linux-gnu /usr/lib/x86_64-linux-gnu/mesa-egl /usr/lib/x86_64-linux-gnu/mesa /lib32 /usr/lib32 /libx32 /usr/libx32 
checking for library containing dlopen... -ldl
checking for dlerror... yes
checking for shl_load... (cached) no
checking for shl_load in -ldld... (cached) no
checking for dld_link in -ldld... no
checking for _ prefix in compiled symbols... no
checking whether deplibs are loaded by dlopen... yes
checking for argz.h... yes
checking for error_t... yes
checking for argz_add... yes
checking for argz_append... yes
checking for argz_count... yes
checking for argz_create_sep... yes
checking for argz_insert... yes
checking for argz_next... yes
checking for argz_stringify... yes
checking if argz actually works... yes
checking whether libtool supports -dlopen/-dlpreopen... yes
checking for unistd.h... (cached) yes
checking for dl.h... no
checking for sys/dl.h... no
checking for dld.h... no
checking for mach-o/dyld.h... no
checking for dirent.h... yes
checking for closedir... yes
checking for opendir... yes
checking for readdir... yes
checking for strlcat... no
checking for strlcpy... no
checking whether we are using the GNU C++ compiler... yes
checking whether /home/jcebrian/extras/gcc-6.1.0/bin/g++ accepts -g... yes
checking dependency style of /home/jcebrian/extras/gcc-6.1.0/bin/g++... gcc3
checking how to run the C++ preprocessor... /home/jcebrian/extras/gcc-6.1.0/bin/g++ -E
checking for ld used by /home/jcebrian/extras/gcc-6.1.0/bin/g++... /usr/bin/ld -m elf_x86_64
checking if the linker (/usr/bin/ld -m elf_x86_64) is GNU ld... yes
checking whether the /home/jcebrian/extras/gcc-6.1.0/bin/g++ linker (/usr/bin/ld -m elf_x86_64) supports shared libraries... yes
checking for /home/jcebrian/extras/gcc-6.1.0/bin/g++ option to produce PIC... -fPIC -DPIC
checking if /home/jcebrian/extras/gcc-6.1.0/bin/g++ PIC flag -fPIC -DPIC works... yes
checking if /home/jcebrian/extras/gcc-6.1.0/bin/g++ static flag -static works... yes
checking if /home/jcebrian/extras/gcc-6.1.0/bin/g++ supports -c -o file.o... yes
checking if /home/jcebrian/extras/gcc-6.1.0/bin/g++ supports -c -o file.o... (cached) yes
checking whether the /home/jcebrian/extras/gcc-6.1.0/bin/g++ linker (/usr/bin/ld -m elf_x86_64) supports shared libraries... yes
checking dynamic linker characteristics... GNU/Linux ld.so
checking how to hardcode library paths into programs... immediate
checking for g77... no
checking for xlf... no
checking for f77... no
checking for frt... no
checking for pgf77... no
checking for cf77... no
checking for fort77... no
checking for fl32... no
checking for af77... no
checking for xlf90... no
checking for f90... no
checking for pgf90... no
checking for pghpf... no
checking for epcf90... no
checking for gfortran... gfortran
checking whether we are using the GNU Fortran 77 compiler... yes
checking whether gfortran accepts -g... yes
checking if libtool supports shared libraries... yes
checking whether to build shared libraries... yes
checking whether to build static libraries... yes
checking for gfortran option to produce PIC... -fPIC
checking if gfortran PIC flag -fPIC works... yes
checking if gfortran static flag -static works... yes
checking if gfortran supports -c -o file.o... yes
checking if gfortran supports -c -o file.o... (cached) yes
checking whether the gfortran linker (/usr/bin/ld -m elf_x86_64) supports shared libraries... yes
checking dynamic linker characteristics... GNU/Linux ld.so
checking how to hardcode library paths into programs... immediate
checking for gfortran... gfortran
checking whether we are using the GNU Fortran compiler... yes
checking whether gfortran accepts -g... yes
checking if libtool supports shared libraries... yes
checking whether to build shared libraries... yes
checking whether to build static libraries... yes
checking for gfortran option to produce PIC... -fPIC
checking if gfortran PIC flag -fPIC works... yes
checking if gfortran static flag -static works... yes
checking if gfortran supports -c -o file.o... yes
checking if gfortran supports -c -o file.o... (cached) yes
checking whether the gfortran linker (/usr/bin/ld -m elf_x86_64) supports shared libraries... yes
checking dynamic linker characteristics... GNU/Linux ld.so
checking how to hardcode library paths into programs... immediate
checking for gcj... no
checking for windres... no
configure: creating ./config.status
config.status: creating Makefile
config.status: creating config.h
config.status: executing tests/atconfig commands
config.status: executing depfiles commands
config.status: executing libtool commands
[PARSEC] Running 'env LIBS= /usr/bin/make -j4':
/usr/bin/make -j4  all-recursive
make[1]: Entering directory `/home/jcebrian/parvec-3.0_bitbucket/pkgs/tools/libtool/obj/amd64-linux.gcc-sse-hooks'
make[2]: Entering directory `/home/jcebrian/parvec-3.0_bitbucket/pkgs/tools/libtool/obj/amd64-linux.gcc-sse-hooks'
depbase=`echo libltdl/lt__strl.lo | sed 's|[^/]*$|.deps/&|;s|\.lo$||'`;\
	/bin/bash ./libtool --tag=CC   --mode=compile /home/jcebrian/extras/gcc-6.1.0/bin/gcc -DHAVE_CONFIG_H -I. -I/home/jcebrian/parvec-3.0_bitbucket/bin/../pkgs/tools/libtool/src  -DLT_CONFIG_H='<config.h>' -DLTDL -I. -I/home/jcebrian/parvec-3.0_bitbucket/bin/../pkgs/tools/libtool/src -Ilibltdl -I/home/jcebrian/parvec-3.0_bitbucket/bin/../pkgs/tools/libtool/src/libltdl -I/home/jcebrian/parvec-3.0_bitbucket/bin/../pkgs/tools/libtool/src/libltdl/libltdl   -msse4.2 -Werror -O2 -g3 -funroll-loops -fprefetch-loop-arrays -static-libgcc -Wl,--hash-style=both,--as-needed -DPARSEC_VERSION=3.0-beta-20120904 -I/home/jcebrian/parvec-3.0_bitbucket/bin/../pkgs/libs/simd_libs -static-libgcc -Wl,--hash-style=both,--as-needed -DENABLE_PARSEC_HOOKS -I/home/jcebrian/parvec-3.0_bitbucket/bin/../pkgs/libs/hooks/inst/amd64-linux.gcc-sse-hooks/include -I/home/jcebrian/parvec-3.0_bitbucket/bin/../pkgs/libs/simd_libs -DPARSEC_USE_SSE -static-libgcc -Wl,--hash-style=both,--as-needed -I/home/jcebrian/parvec-3.0_bitbucket/bin/../pkgs/libs/simd_libs -MT libltdl/lt__strl.lo -MD -MP -MF $depbase.Tpo -c -o libltdl/lt__strl.lo /home/jcebrian/parvec-3.0_bitbucket/bin/../pkgs/tools/libtool/src/libltdl/lt__strl.c &&\
	mv -f $depbase.Tpo $depbase.Plo
rm -f libtoolize.tmp libtoolize
/bin/bash ./libtool --tag=CC   --mode=compile /home/jcebrian/extras/gcc-6.1.0/bin/gcc -DHAVE_CONFIG_H -I. -I/home/jcebrian/parvec-3.0_bitbucket/bin/../pkgs/tools/libtool/src  -DLTDLOPEN=libltdl -DLT_CONFIG_H='<config.h>' -DLTDL -I. -I/home/jcebrian/parvec-3.0_bitbucket/bin/../pkgs/tools/libtool/src -Ilibltdl -I/home/jcebrian/parvec-3.0_bitbucket/bin/../pkgs/tools/libtool/src/libltdl -I/home/jcebrian/parvec-3.0_bitbucket/bin/../pkgs/tools/libtool/src/libltdl/libltdl   -msse4.2 -Werror -O2 -g3 -funroll-loops -fprefetch-loop-arrays -static-libgcc -Wl,--hash-style=both,--as-needed -DPARSEC_VERSION=3.0-beta-20120904 -I/home/jcebrian/parvec-3.0_bitbucket/bin/../pkgs/libs/simd_libs -static-libgcc -Wl,--hash-style=both,--as-needed -DENABLE_PARSEC_HOOKS -I/home/jcebrian/parvec-3.0_bitbucket/bin/../pkgs/libs/hooks/inst/amd64-linux.gcc-sse-hooks/include -I/home/jcebrian/parvec-3.0_bitbucket/bin/../pkgs/libs/simd_libs -DPARSEC_USE_SSE -static-libgcc -Wl,--hash-style=both,--as-needed -I/home/jcebrian/parvec-3.0_bitbucket/bin/../pkgs/libs/simd_libs -MT libltdl/loaders/libltdl_libltdl_la-preopen.lo -MD -MP -MF libltdl/loaders/.deps/libltdl_libltdl_la-preopen.Tpo -c -o libltdl/loaders/libltdl_libltdl_la-preopen.lo `test -f 'libltdl/loaders/preopen.c' || echo '/home/jcebrian/parvec-3.0_bitbucket/bin/../pkgs/tools/libtool/src/'`libltdl/loaders/preopen.c
set dummy `/bin/bash /home/jcebrian/parvec-3.0_bitbucket/bin/../pkgs/tools/libtool/src/libltdl/config/mkstamp /home/jcebrian/parvec-3.0_bitbucket/bin/../pkgs/tools/libtool/src`; shift; case 2.2.6 in *[acegikmoqsuwy]) TIMESTAMP=" $1 $2" ;; *) TIMESTAMP="" ;; esac; \
	input="libtoolize.m4sh"; \
	sed -e 's,@EGREP\@,/bin/grep -E,g' -e 's,@FGREP\@,/bin/grep -F,g' -e 's,@GREP\@,/bin/grep,g' -e 's,@LN_S\@,ln -s,g' -e 's,@MACRO_VERSION\@,2.2.6,g' -e 's,@PACKAGE\@,libtool,g' -e 's,@PACKAGE_BUGREPORT\@,bug-libtool@gnu.org,g' -e 's,@PACKAGE_NAME\@,libtool,g' -e 's,@PACKAGE_STRING\@,libtool 2.2.6,g' -e 's,@PACKAGE_TARNAME\@,libtool,g' -e 's,@PACKAGE_VERSION\@,2.2.6,g' -e 's,@SED\@,/bin/sed,g' -e 's,@VERSION\@,2.2.6,g' -e 's,@aclocaldir\@,/home/jcebrian/parvec-3.0_bitbucket/bin/../pkgs/tools/libtool/inst/amd64-linux.gcc-sse-hooks/share/aclocal,g' -e 's,@datadir\@,/home/jcebrian/parvec-3.0_bitbucket/bin/../pkgs/tools/libtool/inst/amd64-linux.gcc-sse-hooks/share,g' -e 's,@pkgdatadir\@,/home/jcebrian/parvec-3.0_bitbucket/bin/../pkgs/tools/libtool/inst/amd64-linux.gcc-sse-hooks/share/libtool,g' -e 's,@host_triplet\@,x86_64-unknown-linux-gnu,g' -e 's,@prefix\@,/home/jcebrian/parvec-3.0_bitbucket/bin/../pkgs/tools/libtool/inst/amd64-linux.gcc-sse-hooks,g' -e "s,@configure_input\@,Generated from $input.,g" -e "s,@TIMESTAMP\@,$TIMESTAMP,g" \
		-e 's,@aclocal_DATA\@,m4/argz.m4 m4/libtool.m4 m4/ltdl.m4 m4/ltoptions.m4 m4/ltsugar.m4 m4/ltversion.m4 m4/lt~obsolete.m4,g' \
		-e "s,@pkgltdl_files\@,libltdl/COPYING.LIB libltdl/README libltdl/Makefile.inc libltdl/Makefile.am libltdl/configure.ac libltdl/aclocal.m4 libltdl/Makefile.in libltdl/config-h.in libltdl/configure libltdl/argz_.h libltdl/argz.c libltdl/loaders/dld_link.c libltdl/loaders/dlopen.c libltdl/loaders/dyld.c libltdl/loaders/load_add_on.c libltdl/loaders/loadlibrary.c libltdl/loaders/shl_load.c libltdl/lt__dirent.c libltdl/lt__strl.c libltdl/libltdl/lt__alloc.h libltdl/libltdl/lt__dirent.h libltdl/libltdl/lt__glibc.h libltdl/libltdl/lt__private.h libltdl/libltdl/lt__strl.h libltdl/libltdl/lt_dlloader.h libltdl/libltdl/lt_error.h libltdl/libltdl/lt_system.h libltdl/libltdl/slist.h libltdl/loaders/preopen.c libltdl/lt__alloc.c libltdl/lt_dlloader.c libltdl/lt_error.c libltdl/ltdl.c libltdl/ltdl.h libltdl/slist.c,g" \
		-e "s,@pkgconfig_files\@,config/compile config/config.guess config/config.sub config/depcomp config/install-sh config/missing config/ltmain.sh,g" \
		/home/jcebrian/parvec-3.0_bitbucket/bin/../pkgs/tools/libtool/src/libtoolize.in > libtoolize.tmp
/bin/bash ./libtool --tag=CC   --mode=compile /home/jcebrian/extras/gcc-6.1.0/bin/gcc -DHAVE_CONFIG_H -I. -I/home/jcebrian/parvec-3.0_bitbucket/bin/../pkgs/tools/libtool/src  -DLTDLOPEN=libltdl -DLT_CONFIG_H='<config.h>' -DLTDL -I. -I/home/jcebrian/parvec-3.0_bitbucket/bin/../pkgs/tools/libtool/src -Ilibltdl -I/home/jcebrian/parvec-3.0_bitbucket/bin/../pkgs/tools/libtool/src/libltdl -I/home/jcebrian/parvec-3.0_bitbucket/bin/../pkgs/tools/libtool/src/libltdl/libltdl   -msse4.2 -Werror -O2 -g3 -funroll-loops -fprefetch-loop-arrays -static-libgcc -Wl,--hash-style=both,--as-needed -DPARSEC_VERSION=3.0-beta-20120904 -I/home/jcebrian/parvec-3.0_bitbucket/bin/../pkgs/libs/simd_libs -static-libgcc -Wl,--hash-style=both,--as-needed -DENABLE_PARSEC_HOOKS -I/home/jcebrian/parvec-3.0_bitbucket/bin/../pkgs/libs/hooks/inst/amd64-linux.gcc-sse-hooks/include -I/home/jcebrian/parvec-3.0_bitbucket/bin/../pkgs/libs/simd_libs -DPARSEC_USE_SSE -static-libgcc -Wl,--hash-style=both,--as-needed -I/home/jcebrian/parvec-3.0_bitbucket/bin/../pkgs/libs/simd_libs -MT libltdl/libltdl_libltdl_la-lt__alloc.lo -MD -MP -MF libltdl/.deps/libltdl_libltdl_la-lt__alloc.Tpo -c -o libltdl/libltdl_libltdl_la-lt__alloc.lo `test -f 'libltdl/lt__alloc.c' || echo '/home/jcebrian/parvec-3.0_bitbucket/bin/../pkgs/tools/libtool/src/'`libltdl/lt__alloc.c
libtool: compile:  /home/jcebrian/extras/gcc-6.1.0/bin/gcc -DHAVE_CONFIG_H -I. -I/home/jcebrian/parvec-3.0_bitbucket/bin/../pkgs/tools/libtool/src "-DLT_CONFIG_H=<config.h>" -DLTDL -I. -I/home/jcebrian/parvec-3.0_bitbucket/bin/../pkgs/tools/libtool/src -Ilibltdl -I/home/jcebrian/parvec-3.0_bitbucket/bin/../pkgs/tools/libtool/src/libltdl -I/home/jcebrian/parvec-3.0_bitbucket/bin/../pkgs/tools/libtool/src/libltdl/libltdl -msse4.2 -Werror -O2 -g3 -funroll-loops -fprefetch-loop-arrays -static-libgcc -Wl,--hash-style=both,--as-needed -DPARSEC_VERSION=3.0-beta-20120904 -I/home/jcebrian/parvec-3.0_bitbucket/bin/../pkgs/libs/simd_libs -static-libgcc -Wl,--hash-style=both,--as-needed -DENABLE_PARSEC_HOOKS -I/home/jcebrian/parvec-3.0_bitbucket/bin/../pkgs/libs/hooks/inst/amd64-linux.gcc-sse-hooks/include -I/home/jcebrian/parvec-3.0_bitbucket/bin/../pkgs/libs/simd_libs -DPARSEC_USE_SSE -static-libgcc -Wl,--hash-style=both,--as-needed -I/home/jcebrian/parvec-3.0_bitbucket/bin/../pkgs/libs/simd_libs -MT libltdl/lt__strl.lo -MD -MP -MF libltdl/.deps/lt__strl.Tpo -c /home/jcebrian/parvec-3.0_bitbucket/bin/../pkgs/tools/libtool/src/libltdl/lt__strl.c  -fPIC -DPIC -o libltdl/.libs/lt__strl.o
libtool: compile:  /home/jcebrian/extras/gcc-6.1.0/bin/gcc -DHAVE_CONFIG_H -I. -I/home/jcebrian/parvec-3.0_bitbucket/bin/../pkgs/tools/libtool/src -DLTDLOPEN=libltdl "-DLT_CONFIG_H=<config.h>" -DLTDL -I. -I/home/jcebrian/parvec-3.0_bitbucket/bin/../pkgs/tools/libtool/src -Ilibltdl -I/home/jcebrian/parvec-3.0_bitbucket/bin/../pkgs/tools/libtool/src/libltdl -I/home/jcebrian/parvec-3.0_bitbucket/bin/../pkgs/tools/libtool/src/libltdl/libltdl -msse4.2 -Werror -O2 -g3 -funroll-loops -fprefetch-loop-arrays -static-libgcc -Wl,--hash-style=both,--as-needed -DPARSEC_VERSION=3.0-beta-20120904 -I/home/jcebrian/parvec-3.0_bitbucket/bin/../pkgs/libs/simd_libs -static-libgcc -Wl,--hash-style=both,--as-needed -DENABLE_PARSEC_HOOKS -I/home/jcebrian/parvec-3.0_bitbucket/bin/../pkgs/libs/hooks/inst/amd64-linux.gcc-sse-hooks/include -I/home/jcebrian/parvec-3.0_bitbucket/bin/../pkgs/libs/simd_libs -DPARSEC_USE_SSE -static-libgcc -Wl,--hash-style=both,--as-needed -I/home/jcebrian/parvec-3.0_bitbucket/bin/../pkgs/libs/simd_libs -MT libltdl/libltdl_libltdl_la-lt__alloc.lo -MD -MP -MF libltdl/.deps/libltdl_libltdl_la-lt__alloc.Tpo -c /home/jcebrian/parvec-3.0_bitbucket/bin/../pkgs/tools/libtool/src/libltdl/lt__alloc.c  -fPIC -DPIC -o libltdl/.libs/libltdl_libltdl_la-lt__alloc.o
libtool: compile:  /home/jcebrian/extras/gcc-6.1.0/bin/gcc -DHAVE_CONFIG_H -I. -I/home/jcebrian/parvec-3.0_bitbucket/bin/../pkgs/tools/libtool/src -DLTDLOPEN=libltdl "-DLT_CONFIG_H=<config.h>" -DLTDL -I. -I/home/jcebrian/parvec-3.0_bitbucket/bin/../pkgs/tools/libtool/src -Ilibltdl -I/home/jcebrian/parvec-3.0_bitbucket/bin/../pkgs/tools/libtool/src/libltdl -I/home/jcebrian/parvec-3.0_bitbucket/bin/../pkgs/tools/libtool/src/libltdl/libltdl -msse4.2 -Werror -O2 -g3 -funroll-loops -fprefetch-loop-arrays -static-libgcc -Wl,--hash-style=both,--as-needed -DPARSEC_VERSION=3.0-beta-20120904 -I/home/jcebrian/parvec-3.0_bitbucket/bin/../pkgs/libs/simd_libs -static-libgcc -Wl,--hash-style=both,--as-needed -DENABLE_PARSEC_HOOKS -I/home/jcebrian/parvec-3.0_bitbucket/bin/../pkgs/libs/hooks/inst/amd64-linux.gcc-sse-hooks/include -I/home/jcebrian/parvec-3.0_bitbucket/bin/../pkgs/libs/simd_libs -DPARSEC_USE_SSE -static-libgcc -Wl,--hash-style=both,--as-needed -I/home/jcebrian/parvec-3.0_bitbucket/bin/../pkgs/libs/simd_libs -MT libltdl/loaders/libltdl_libltdl_la-preopen.lo -MD -MP -MF libltdl/loaders/.deps/libltdl_libltdl_la-preopen.Tpo -c /home/jcebrian/parvec-3.0_bitbucket/bin/../pkgs/tools/libtool/src/libltdl/loaders/preopen.c  -fPIC -DPIC -o libltdl/loaders/.libs/libltdl_libltdl_la-preopen.o
chmod a+x libtoolize.tmp
chmod a-w libtoolize.tmp
mv -f libtoolize.tmp libtoolize
/bin/bash ./libtool --tag=CC   --mode=compile /home/jcebrian/extras/gcc-6.1.0/bin/gcc -DHAVE_CONFIG_H -I. -I/home/jcebrian/parvec-3.0_bitbucket/bin/../pkgs/tools/libtool/src  -DLTDLOPEN=libltdl -DLT_CONFIG_H='<config.h>' -DLTDL -I. -I/home/jcebrian/parvec-3.0_bitbucket/bin/../pkgs/tools/libtool/src -Ilibltdl -I/home/jcebrian/parvec-3.0_bitbucket/bin/../pkgs/tools/libtool/src/libltdl -I/home/jcebrian/parvec-3.0_bitbucket/bin/../pkgs/tools/libtool/src/libltdl/libltdl   -msse4.2 -Werror -O2 -g3 -funroll-loops -fprefetch-loop-arrays -static-libgcc -Wl,--hash-style=both,--as-needed -DPARSEC_VERSION=3.0-beta-20120904 -I/home/jcebrian/parvec-3.0_bitbucket/bin/../pkgs/libs/simd_libs -static-libgcc -Wl,--hash-style=both,--as-needed -DENABLE_PARSEC_HOOKS -I/home/jcebrian/parvec-3.0_bitbucket/bin/../pkgs/libs/hooks/inst/amd64-linux.gcc-sse-hooks/include -I/home/jcebrian/parvec-3.0_bitbucket/bin/../pkgs/libs/simd_libs -DPARSEC_USE_SSE -static-libgcc -Wl,--hash-style=both,--as-needed -I/home/jcebrian/parvec-3.0_bitbucket/bin/../pkgs/libs/simd_libs -MT libltdl/libltdl_libltdl_la-lt_dlloader.lo -MD -MP -MF libltdl/.deps/libltdl_libltdl_la-lt_dlloader.Tpo -c -o libltdl/libltdl_libltdl_la-lt_dlloader.lo `test -f 'libltdl/lt_dlloader.c' || echo '/home/jcebrian/parvec-3.0_bitbucket/bin/../pkgs/tools/libtool/src/'`libltdl/lt_dlloader.c
libtool: compile:  /home/jcebrian/extras/gcc-6.1.0/bin/gcc -DHAVE_CONFIG_H -I. -I/home/jcebrian/parvec-3.0_bitbucket/bin/../pkgs/tools/libtool/src -DLTDLOPEN=libltdl "-DLT_CONFIG_H=<config.h>" -DLTDL -I. -I/home/jcebrian/parvec-3.0_bitbucket/bin/../pkgs/tools/libtool/src -Ilibltdl -I/home/jcebrian/parvec-3.0_bitbucket/bin/../pkgs/tools/libtool/src/libltdl -I/home/jcebrian/parvec-3.0_bitbucket/bin/../pkgs/tools/libtool/src/libltdl/libltdl -msse4.2 -Werror -O2 -g3 -funroll-loops -fprefetch-loop-arrays -static-libgcc -Wl,--hash-style=both,--as-needed -DPARSEC_VERSION=3.0-beta-20120904 -I/home/jcebrian/parvec-3.0_bitbucket/bin/../pkgs/libs/simd_libs -static-libgcc -Wl,--hash-style=both,--as-needed -DENABLE_PARSEC_HOOKS -I/home/jcebrian/parvec-3.0_bitbucket/bin/../pkgs/libs/hooks/inst/amd64-linux.gcc-sse-hooks/include -I/home/jcebrian/parvec-3.0_bitbucket/bin/../pkgs/libs/simd_libs -DPARSEC_USE_SSE -static-libgcc -Wl,--hash-style=both,--as-needed -I/home/jcebrian/parvec-3.0_bitbucket/bin/../pkgs/libs/simd_libs -MT libltdl/libltdl_libltdl_la-lt_dlloader.lo -MD -MP -MF libltdl/.deps/libltdl_libltdl_la-lt_dlloader.Tpo -c /home/jcebrian/parvec-3.0_bitbucket/bin/../pkgs/tools/libtool/src/libltdl/lt_dlloader.c  -fPIC -DPIC -o libltdl/.libs/libltdl_libltdl_la-lt_dlloader.o
libtool: compile:  /home/jcebrian/extras/gcc-6.1.0/bin/gcc -DHAVE_CONFIG_H -I. -I/home/jcebrian/parvec-3.0_bitbucket/bin/../pkgs/tools/libtool/src "-DLT_CONFIG_H=<config.h>" -DLTDL -I. -I/home/jcebrian/parvec-3.0_bitbucket/bin/../pkgs/tools/libtool/src -Ilibltdl -I/home/jcebrian/parvec-3.0_bitbucket/bin/../pkgs/tools/libtool/src/libltdl -I/home/jcebrian/parvec-3.0_bitbucket/bin/../pkgs/tools/libtool/src/libltdl/libltdl -msse4.2 -Werror -O2 -g3 -funroll-loops -fprefetch-loop-arrays -static-libgcc -Wl,--hash-style=both,--as-needed -DPARSEC_VERSION=3.0-beta-20120904 -I/home/jcebrian/parvec-3.0_bitbucket/bin/../pkgs/libs/simd_libs -static-libgcc -Wl,--hash-style=both,--as-needed -DENABLE_PARSEC_HOOKS -I/home/jcebrian/parvec-3.0_bitbucket/bin/../pkgs/libs/hooks/inst/amd64-linux.gcc-sse-hooks/include -I/home/jcebrian/parvec-3.0_bitbucket/bin/../pkgs/libs/simd_libs -DPARSEC_USE_SSE -static-libgcc -Wl,--hash-style=both,--as-needed -I/home/jcebrian/parvec-3.0_bitbucket/bin/../pkgs/libs/simd_libs -MT libltdl/lt__strl.lo -MD -MP -MF libltdl/.deps/lt__strl.Tpo -c /home/jcebrian/parvec-3.0_bitbucket/bin/../pkgs/tools/libtool/src/libltdl/lt__strl.c -o libltdl/lt__strl.o >/dev/null 2>&1
libtool: compile:  /home/jcebrian/extras/gcc-6.1.0/bin/gcc -DHAVE_CONFIG_H -I. -I/home/jcebrian/parvec-3.0_bitbucket/bin/../pkgs/tools/libtool/src -DLTDLOPEN=libltdl "-DLT_CONFIG_H=<config.h>" -DLTDL -I. -I/home/jcebrian/parvec-3.0_bitbucket/bin/../pkgs/tools/libtool/src -Ilibltdl -I/home/jcebrian/parvec-3.0_bitbucket/bin/../pkgs/tools/libtool/src/libltdl -I/home/jcebrian/parvec-3.0_bitbucket/bin/../pkgs/tools/libtool/src/libltdl/libltdl -msse4.2 -Werror -O2 -g3 -funroll-loops -fprefetch-loop-arrays -static-libgcc -Wl,--hash-style=both,--as-needed -DPARSEC_VERSION=3.0-beta-20120904 -I/home/jcebrian/parvec-3.0_bitbucket/bin/../pkgs/libs/simd_libs -static-libgcc -Wl,--hash-style=both,--as-needed -DENABLE_PARSEC_HOOKS -I/home/jcebrian/parvec-3.0_bitbucket/bin/../pkgs/libs/hooks/inst/amd64-linux.gcc-sse-hooks/include -I/home/jcebrian/parvec-3.0_bitbucket/bin/../pkgs/libs/simd_libs -DPARSEC_USE_SSE -static-libgcc -Wl,--hash-style=both,--as-needed -I/home/jcebrian/parvec-3.0_bitbucket/bin/../pkgs/libs/simd_libs -MT libltdl/libltdl_libltdl_la-lt__alloc.lo -MD -MP -MF libltdl/.deps/libltdl_libltdl_la-lt__alloc.Tpo -c /home/jcebrian/parvec-3.0_bitbucket/bin/../pkgs/tools/libtool/src/libltdl/lt__alloc.c -o libltdl/libltdl_libltdl_la-lt__alloc.o >/dev/null 2>&1
libtool: compile:  /home/jcebrian/extras/gcc-6.1.0/bin/gcc -DHAVE_CONFIG_H -I. -I/home/jcebrian/parvec-3.0_bitbucket/bin/../pkgs/tools/libtool/src -DLTDLOPEN=libltdl "-DLT_CONFIG_H=<config.h>" -DLTDL -I. -I/home/jcebrian/parvec-3.0_bitbucket/bin/../pkgs/tools/libtool/src -Ilibltdl -I/home/jcebrian/parvec-3.0_bitbucket/bin/../pkgs/tools/libtool/src/libltdl -I/home/jcebrian/parvec-3.0_bitbucket/bin/../pkgs/tools/libtool/src/libltdl/libltdl -msse4.2 -Werror -O2 -g3 -funroll-loops -fprefetch-loop-arrays -static-libgcc -Wl,--hash-style=both,--as-needed -DPARSEC_VERSION=3.0-beta-20120904 -I/home/jcebrian/parvec-3.0_bitbucket/bin/../pkgs/libs/simd_libs -static-libgcc -Wl,--hash-style=both,--as-needed -DENABLE_PARSEC_HOOKS -I/home/jcebrian/parvec-3.0_bitbucket/bin/../pkgs/libs/hooks/inst/amd64-linux.gcc-sse-hooks/include -I/home/jcebrian/parvec-3.0_bitbucket/bin/../pkgs/libs/simd_libs -DPARSEC_USE_SSE -static-libgcc -Wl,--hash-style=both,--as-needed -I/home/jcebrian/parvec-3.0_bitbucket/bin/../pkgs/libs/simd_libs -MT libltdl/libltdl_libltdl_la-lt_dlloader.lo -MD -MP -MF libltdl/.deps/libltdl_libltdl_la-lt_dlloader.Tpo -c /home/jcebrian/parvec-3.0_bitbucket/bin/../pkgs/tools/libtool/src/libltdl/lt_dlloader.c -o libltdl/libltdl_libltdl_la-lt_dlloader.o >/dev/null 2>&1
/bin/bash ./libtool --tag=CC   --mode=compile /home/jcebrian/extras/gcc-6.1.0/bin/gcc -DHAVE_CONFIG_H -I. -I/home/jcebrian/parvec-3.0_bitbucket/bin/../pkgs/tools/libtool/src  -DLTDLOPEN=libltdl -DLT_CONFIG_H='<config.h>' -DLTDL -I. -I/home/jcebrian/parvec-3.0_bitbucket/bin/../pkgs/tools/libtool/src -Ilibltdl -I/home/jcebrian/parvec-3.0_bitbucket/bin/../pkgs/tools/libtool/src/libltdl -I/home/jcebrian/parvec-3.0_bitbucket/bin/../pkgs/tools/libtool/src/libltdl/libltdl   -msse4.2 -Werror -O2 -g3 -funroll-loops -fprefetch-loop-arrays -static-libgcc -Wl,--hash-style=both,--as-needed -DPARSEC_VERSION=3.0-beta-20120904 -I/home/jcebrian/parvec-3.0_bitbucket/bin/../pkgs/libs/simd_libs -static-libgcc -Wl,--hash-style=both,--as-needed -DENABLE_PARSEC_HOOKS -I/home/jcebrian/parvec-3.0_bitbucket/bin/../pkgs/libs/hooks/inst/amd64-linux.gcc-sse-hooks/include -I/home/jcebrian/parvec-3.0_bitbucket/bin/../pkgs/libs/simd_libs -DPARSEC_USE_SSE -static-libgcc -Wl,--hash-style=both,--as-needed -I/home/jcebrian/parvec-3.0_bitbucket/bin/../pkgs/libs/simd_libs -MT libltdl/libltdl_libltdl_la-lt_error.lo -MD -MP -MF libltdl/.deps/libltdl_libltdl_la-lt_error.Tpo -c -o libltdl/libltdl_libltdl_la-lt_error.lo `test -f 'libltdl/lt_error.c' || echo '/home/jcebrian/parvec-3.0_bitbucket/bin/../pkgs/tools/libtool/src/'`libltdl/lt_error.c
libtool: compile:  /home/jcebrian/extras/gcc-6.1.0/bin/gcc -DHAVE_CONFIG_H -I. -I/home/jcebrian/parvec-3.0_bitbucket/bin/../pkgs/tools/libtool/src -DLTDLOPEN=libltdl "-DLT_CONFIG_H=<config.h>" -DLTDL -I. -I/home/jcebrian/parvec-3.0_bitbucket/bin/../pkgs/tools/libtool/src -Ilibltdl -I/home/jcebrian/parvec-3.0_bitbucket/bin/../pkgs/tools/libtool/src/libltdl -I/home/jcebrian/parvec-3.0_bitbucket/bin/../pkgs/tools/libtool/src/libltdl/libltdl -msse4.2 -Werror -O2 -g3 -funroll-loops -fprefetch-loop-arrays -static-libgcc -Wl,--hash-style=both,--as-needed -DPARSEC_VERSION=3.0-beta-20120904 -I/home/jcebrian/parvec-3.0_bitbucket/bin/../pkgs/libs/simd_libs -static-libgcc -Wl,--hash-style=both,--as-needed -DENABLE_PARSEC_HOOKS -I/home/jcebrian/parvec-3.0_bitbucket/bin/../pkgs/libs/hooks/inst/amd64-linux.gcc-sse-hooks/include -I/home/jcebrian/parvec-3.0_bitbucket/bin/../pkgs/libs/simd_libs -DPARSEC_USE_SSE -static-libgcc -Wl,--hash-style=both,--as-needed -I/home/jcebrian/parvec-3.0_bitbucket/bin/../pkgs/libs/simd_libs -MT libltdl/loaders/libltdl_libltdl_la-preopen.lo -MD -MP -MF libltdl/loaders/.deps/libltdl_libltdl_la-preopen.Tpo -c /home/jcebrian/parvec-3.0_bitbucket/bin/../pkgs/tools/libtool/src/libltdl/loaders/preopen.c -o libltdl/loaders/libltdl_libltdl_la-preopen.o >/dev/null 2>&1
libtool: compile:  /home/jcebrian/extras/gcc-6.1.0/bin/gcc -DHAVE_CONFIG_H -I. -I/home/jcebrian/parvec-3.0_bitbucket/bin/../pkgs/tools/libtool/src -DLTDLOPEN=libltdl "-DLT_CONFIG_H=<config.h>" -DLTDL -I. -I/home/jcebrian/parvec-3.0_bitbucket/bin/../pkgs/tools/libtool/src -Ilibltdl -I/home/jcebrian/parvec-3.0_bitbucket/bin/../pkgs/tools/libtool/src/libltdl -I/home/jcebrian/parvec-3.0_bitbucket/bin/../pkgs/tools/libtool/src/libltdl/libltdl -msse4.2 -Werror -O2 -g3 -funroll-loops -fprefetch-loop-arrays -static-libgcc -Wl,--hash-style=both,--as-needed -DPARSEC_VERSION=3.0-beta-20120904 -I/home/jcebrian/parvec-3.0_bitbucket/bin/../pkgs/libs/simd_libs -static-libgcc -Wl,--hash-style=both,--as-needed -DENABLE_PARSEC_HOOKS -I/home/jcebrian/parvec-3.0_bitbucket/bin/../pkgs/libs/hooks/inst/amd64-linux.gcc-sse-hooks/include -I/home/jcebrian/parvec-3.0_bitbucket/bin/../pkgs/libs/simd_libs -DPARSEC_USE_SSE -static-libgcc -Wl,--hash-style=both,--as-needed -I/home/jcebrian/parvec-3.0_bitbucket/bin/../pkgs/libs/simd_libs -MT libltdl/libltdl_libltdl_la-lt_error.lo -MD -MP -MF libltdl/.deps/libltdl_libltdl_la-lt_error.Tpo -c /home/jcebrian/parvec-3.0_bitbucket/bin/../pkgs/tools/libtool/src/libltdl/lt_error.c  -fPIC -DPIC -o libltdl/.libs/libltdl_libltdl_la-lt_error.o
mv -f libltdl/.deps/libltdl_libltdl_la-lt__alloc.Tpo libltdl/.deps/libltdl_libltdl_la-lt__alloc.Plo
/bin/bash ./libtool --tag=CC   --mode=compile /home/jcebrian/extras/gcc-6.1.0/bin/gcc -DHAVE_CONFIG_H -I. -I/home/jcebrian/parvec-3.0_bitbucket/bin/../pkgs/tools/libtool/src  -DLTDLOPEN=libltdl -DLT_CONFIG_H='<config.h>' -DLTDL -I. -I/home/jcebrian/parvec-3.0_bitbucket/bin/../pkgs/tools/libtool/src -Ilibltdl -I/home/jcebrian/parvec-3.0_bitbucket/bin/../pkgs/tools/libtool/src/libltdl -I/home/jcebrian/parvec-3.0_bitbucket/bin/../pkgs/tools/libtool/src/libltdl/libltdl   -msse4.2 -Werror -O2 -g3 -funroll-loops -fprefetch-loop-arrays -static-libgcc -Wl,--hash-style=both,--as-needed -DPARSEC_VERSION=3.0-beta-20120904 -I/home/jcebrian/parvec-3.0_bitbucket/bin/../pkgs/libs/simd_libs -static-libgcc -Wl,--hash-style=both,--as-needed -DENABLE_PARSEC_HOOKS -I/home/jcebrian/parvec-3.0_bitbucket/bin/../pkgs/libs/hooks/inst/amd64-linux.gcc-sse-hooks/include -I/home/jcebrian/parvec-3.0_bitbucket/bin/../pkgs/libs/simd_libs -DPARSEC_USE_SSE -static-libgcc -Wl,--hash-style=both,--as-needed -I/home/jcebrian/parvec-3.0_bitbucket/bin/../pkgs/libs/simd_libs -MT libltdl/libltdl_libltdl_la-ltdl.lo -MD -MP -MF libltdl/.deps/libltdl_libltdl_la-ltdl.Tpo -c -o libltdl/libltdl_libltdl_la-ltdl.lo `test -f 'libltdl/ltdl.c' || echo '/home/jcebrian/parvec-3.0_bitbucket/bin/../pkgs/tools/libtool/src/'`libltdl/ltdl.c
libtool: compile:  /home/jcebrian/extras/gcc-6.1.0/bin/gcc -DHAVE_CONFIG_H -I. -I/home/jcebrian/parvec-3.0_bitbucket/bin/../pkgs/tools/libtool/src -DLTDLOPEN=libltdl "-DLT_CONFIG_H=<config.h>" -DLTDL -I. -I/home/jcebrian/parvec-3.0_bitbucket/bin/../pkgs/tools/libtool/src -Ilibltdl -I/home/jcebrian/parvec-3.0_bitbucket/bin/../pkgs/tools/libtool/src/libltdl -I/home/jcebrian/parvec-3.0_bitbucket/bin/../pkgs/tools/libtool/src/libltdl/libltdl -msse4.2 -Werror -O2 -g3 -funroll-loops -fprefetch-loop-arrays -static-libgcc -Wl,--hash-style=both,--as-needed -DPARSEC_VERSION=3.0-beta-20120904 -I/home/jcebrian/parvec-3.0_bitbucket/bin/../pkgs/libs/simd_libs -static-libgcc -Wl,--hash-style=both,--as-needed -DENABLE_PARSEC_HOOKS -I/home/jcebrian/parvec-3.0_bitbucket/bin/../pkgs/libs/hooks/inst/amd64-linux.gcc-sse-hooks/include -I/home/jcebrian/parvec-3.0_bitbucket/bin/../pkgs/libs/simd_libs -DPARSEC_USE_SSE -static-libgcc -Wl,--hash-style=both,--as-needed -I/home/jcebrian/parvec-3.0_bitbucket/bin/../pkgs/libs/simd_libs -MT libltdl/libltdl_libltdl_la-ltdl.lo -MD -MP -MF libltdl/.deps/libltdl_libltdl_la-ltdl.Tpo -c /home/jcebrian/parvec-3.0_bitbucket/bin/../pkgs/tools/libtool/src/libltdl/ltdl.c  -fPIC -DPIC -o libltdl/.libs/libltdl_libltdl_la-ltdl.o
mv -f libltdl/.deps/libltdl_libltdl_la-lt_dlloader.Tpo libltdl/.deps/libltdl_libltdl_la-lt_dlloader.Plo
/bin/bash ./libtool --tag=CC   --mode=compile /home/jcebrian/extras/gcc-6.1.0/bin/gcc -DHAVE_CONFIG_H -I. -I/home/jcebrian/parvec-3.0_bitbucket/bin/../pkgs/tools/libtool/src  -DLTDLOPEN=libltdl -DLT_CONFIG_H='<config.h>' -DLTDL -I. -I/home/jcebrian/parvec-3.0_bitbucket/bin/../pkgs/tools/libtool/src -Ilibltdl -I/home/jcebrian/parvec-3.0_bitbucket/bin/../pkgs/tools/libtool/src/libltdl -I/home/jcebrian/parvec-3.0_bitbucket/bin/../pkgs/tools/libtool/src/libltdl/libltdl   -msse4.2 -Werror -O2 -g3 -funroll-loops -fprefetch-loop-arrays -static-libgcc -Wl,--hash-style=both,--as-needed -DPARSEC_VERSION=3.0-beta-20120904 -I/home/jcebrian/parvec-3.0_bitbucket/bin/../pkgs/libs/simd_libs -static-libgcc -Wl,--hash-style=both,--as-needed -DENABLE_PARSEC_HOOKS -I/home/jcebrian/parvec-3.0_bitbucket/bin/../pkgs/libs/hooks/inst/amd64-linux.gcc-sse-hooks/include -I/home/jcebrian/parvec-3.0_bitbucket/bin/../pkgs/libs/simd_libs -DPARSEC_USE_SSE -static-libgcc -Wl,--hash-style=both,--as-needed -I/home/jcebrian/parvec-3.0_bitbucket/bin/../pkgs/libs/simd_libs -MT libltdl/libltdl_libltdl_la-slist.lo -MD -MP -MF libltdl/.deps/libltdl_libltdl_la-slist.Tpo -c -o libltdl/libltdl_libltdl_la-slist.lo `test -f 'libltdl/slist.c' || echo '/home/jcebrian/parvec-3.0_bitbucket/bin/../pkgs/tools/libtool/src/'`libltdl/slist.c
libtool: compile:  /home/jcebrian/extras/gcc-6.1.0/bin/gcc -DHAVE_CONFIG_H -I. -I/home/jcebrian/parvec-3.0_bitbucket/bin/../pkgs/tools/libtool/src -DLTDLOPEN=libltdl "-DLT_CONFIG_H=<config.h>" -DLTDL -I. -I/home/jcebrian/parvec-3.0_bitbucket/bin/../pkgs/tools/libtool/src -Ilibltdl -I/home/jcebrian/parvec-3.0_bitbucket/bin/../pkgs/tools/libtool/src/libltdl -I/home/jcebrian/parvec-3.0_bitbucket/bin/../pkgs/tools/libtool/src/libltdl/libltdl -msse4.2 -Werror -O2 -g3 -funroll-loops -fprefetch-loop-arrays -static-libgcc -Wl,--hash-style=both,--as-needed -DPARSEC_VERSION=3.0-beta-20120904 -I/home/jcebrian/parvec-3.0_bitbucket/bin/../pkgs/libs/simd_libs -static-libgcc -Wl,--hash-style=both,--as-needed -DENABLE_PARSEC_HOOKS -I/home/jcebrian/parvec-3.0_bitbucket/bin/../pkgs/libs/hooks/inst/amd64-linux.gcc-sse-hooks/include -I/home/jcebrian/parvec-3.0_bitbucket/bin/../pkgs/libs/simd_libs -DPARSEC_USE_SSE -static-libgcc -Wl,--hash-style=both,--as-needed -I/home/jcebrian/parvec-3.0_bitbucket/bin/../pkgs/libs/simd_libs -MT libltdl/libltdl_libltdl_la-lt_error.lo -MD -MP -MF libltdl/.deps/libltdl_libltdl_la-lt_error.Tpo -c /home/jcebrian/parvec-3.0_bitbucket/bin/../pkgs/tools/libtool/src/libltdl/lt_error.c -o libltdl/libltdl_libltdl_la-lt_error.o >/dev/null 2>&1
libtool: compile:  /home/jcebrian/extras/gcc-6.1.0/bin/gcc -DHAVE_CONFIG_H -I. -I/home/jcebrian/parvec-3.0_bitbucket/bin/../pkgs/tools/libtool/src -DLTDLOPEN=libltdl "-DLT_CONFIG_H=<config.h>" -DLTDL -I. -I/home/jcebrian/parvec-3.0_bitbucket/bin/../pkgs/tools/libtool/src -Ilibltdl -I/home/jcebrian/parvec-3.0_bitbucket/bin/../pkgs/tools/libtool/src/libltdl -I/home/jcebrian/parvec-3.0_bitbucket/bin/../pkgs/tools/libtool/src/libltdl/libltdl -msse4.2 -Werror -O2 -g3 -funroll-loops -fprefetch-loop-arrays -static-libgcc -Wl,--hash-style=both,--as-needed -DPARSEC_VERSION=3.0-beta-20120904 -I/home/jcebrian/parvec-3.0_bitbucket/bin/../pkgs/libs/simd_libs -static-libgcc -Wl,--hash-style=both,--as-needed -DENABLE_PARSEC_HOOKS -I/home/jcebrian/parvec-3.0_bitbucket/bin/../pkgs/libs/hooks/inst/amd64-linux.gcc-sse-hooks/include -I/home/jcebrian/parvec-3.0_bitbucket/bin/../pkgs/libs/simd_libs -DPARSEC_USE_SSE -static-libgcc -Wl,--hash-style=both,--as-needed -I/home/jcebrian/parvec-3.0_bitbucket/bin/../pkgs/libs/simd_libs -MT libltdl/libltdl_libltdl_la-slist.lo -MD -MP -MF libltdl/.deps/libltdl_libltdl_la-slist.Tpo -c /home/jcebrian/parvec-3.0_bitbucket/bin/../pkgs/tools/libtool/src/libltdl/slist.c  -fPIC -DPIC -o libltdl/.libs/libltdl_libltdl_la-slist.o
mv -f libltdl/loaders/.deps/libltdl_libltdl_la-preopen.Tpo libltdl/loaders/.deps/libltdl_libltdl_la-preopen.Plo
depbase=`echo libltdl/loaders/dlopen.lo | sed 's|[^/]*$|.deps/&|;s|\.lo$||'`;\
	/bin/bash ./libtool --tag=CC   --mode=compile /home/jcebrian/extras/gcc-6.1.0/bin/gcc -DHAVE_CONFIG_H -I. -I/home/jcebrian/parvec-3.0_bitbucket/bin/../pkgs/tools/libtool/src  -DLT_CONFIG_H='<config.h>' -DLTDL -I. -I/home/jcebrian/parvec-3.0_bitbucket/bin/../pkgs/tools/libtool/src -Ilibltdl -I/home/jcebrian/parvec-3.0_bitbucket/bin/../pkgs/tools/libtool/src/libltdl -I/home/jcebrian/parvec-3.0_bitbucket/bin/../pkgs/tools/libtool/src/libltdl/libltdl   -msse4.2 -Werror -O2 -g3 -funroll-loops -fprefetch-loop-arrays -static-libgcc -Wl,--hash-style=both,--as-needed -DPARSEC_VERSION=3.0-beta-20120904 -I/home/jcebrian/parvec-3.0_bitbucket/bin/../pkgs/libs/simd_libs -static-libgcc -Wl,--hash-style=both,--as-needed -DENABLE_PARSEC_HOOKS -I/home/jcebrian/parvec-3.0_bitbucket/bin/../pkgs/libs/hooks/inst/amd64-linux.gcc-sse-hooks/include -I/home/jcebrian/parvec-3.0_bitbucket/bin/../pkgs/libs/simd_libs -DPARSEC_USE_SSE -static-libgcc -Wl,--hash-style=both,--as-needed -I/home/jcebrian/parvec-3.0_bitbucket/bin/../pkgs/libs/simd_libs -MT libltdl/loaders/dlopen.lo -MD -MP -MF $depbase.Tpo -c -o libltdl/loaders/dlopen.lo /home/jcebrian/parvec-3.0_bitbucket/bin/../pkgs/tools/libtool/src/libltdl/loaders/dlopen.c &&\
	mv -f $depbase.Tpo $depbase.Plo
libtool: compile:  /home/jcebrian/extras/gcc-6.1.0/bin/gcc -DHAVE_CONFIG_H -I. -I/home/jcebrian/parvec-3.0_bitbucket/bin/../pkgs/tools/libtool/src "-DLT_CONFIG_H=<config.h>" -DLTDL -I. -I/home/jcebrian/parvec-3.0_bitbucket/bin/../pkgs/tools/libtool/src -Ilibltdl -I/home/jcebrian/parvec-3.0_bitbucket/bin/../pkgs/tools/libtool/src/libltdl -I/home/jcebrian/parvec-3.0_bitbucket/bin/../pkgs/tools/libtool/src/libltdl/libltdl -msse4.2 -Werror -O2 -g3 -funroll-loops -fprefetch-loop-arrays -static-libgcc -Wl,--hash-style=both,--as-needed -DPARSEC_VERSION=3.0-beta-20120904 -I/home/jcebrian/parvec-3.0_bitbucket/bin/../pkgs/libs/simd_libs -static-libgcc -Wl,--hash-style=both,--as-needed -DENABLE_PARSEC_HOOKS -I/home/jcebrian/parvec-3.0_bitbucket/bin/../pkgs/libs/hooks/inst/amd64-linux.gcc-sse-hooks/include -I/home/jcebrian/parvec-3.0_bitbucket/bin/../pkgs/libs/simd_libs -DPARSEC_USE_SSE -static-libgcc -Wl,--hash-style=both,--as-needed -I/home/jcebrian/parvec-3.0_bitbucket/bin/../pkgs/libs/simd_libs -MT libltdl/loaders/dlopen.lo -MD -MP -MF libltdl/loaders/.deps/dlopen.Tpo -c /home/jcebrian/parvec-3.0_bitbucket/bin/../pkgs/tools/libtool/src/libltdl/loaders/dlopen.c  -fPIC -DPIC -o libltdl/loaders/.libs/dlopen.o
mv -f libltdl/.deps/libltdl_libltdl_la-lt_error.Tpo libltdl/.deps/libltdl_libltdl_la-lt_error.Plo
libtool: compile:  /home/jcebrian/extras/gcc-6.1.0/bin/gcc -DHAVE_CONFIG_H -I. -I/home/jcebrian/parvec-3.0_bitbucket/bin/../pkgs/tools/libtool/src -DLTDLOPEN=libltdl "-DLT_CONFIG_H=<config.h>" -DLTDL -I. -I/home/jcebrian/parvec-3.0_bitbucket/bin/../pkgs/tools/libtool/src -Ilibltdl -I/home/jcebrian/parvec-3.0_bitbucket/bin/../pkgs/tools/libtool/src/libltdl -I/home/jcebrian/parvec-3.0_bitbucket/bin/../pkgs/tools/libtool/src/libltdl/libltdl -msse4.2 -Werror -O2 -g3 -funroll-loops -fprefetch-loop-arrays -static-libgcc -Wl,--hash-style=both,--as-needed -DPARSEC_VERSION=3.0-beta-20120904 -I/home/jcebrian/parvec-3.0_bitbucket/bin/../pkgs/libs/simd_libs -static-libgcc -Wl,--hash-style=both,--as-needed -DENABLE_PARSEC_HOOKS -I/home/jcebrian/parvec-3.0_bitbucket/bin/../pkgs/libs/hooks/inst/amd64-linux.gcc-sse-hooks/include -I/home/jcebrian/parvec-3.0_bitbucket/bin/../pkgs/libs/simd_libs -DPARSEC_USE_SSE -static-libgcc -Wl,--hash-style=both,--as-needed -I/home/jcebrian/parvec-3.0_bitbucket/bin/../pkgs/libs/simd_libs -MT libltdl/libltdl_libltdl_la-slist.lo -MD -MP -MF libltdl/.deps/libltdl_libltdl_la-slist.Tpo -c /home/jcebrian/parvec-3.0_bitbucket/bin/../pkgs/tools/libtool/src/libltdl/slist.c -o libltdl/libltdl_libltdl_la-slist.o >/dev/null 2>&1
libtool: compile:  /home/jcebrian/extras/gcc-6.1.0/bin/gcc -DHAVE_CONFIG_H -I. -I/home/jcebrian/parvec-3.0_bitbucket/bin/../pkgs/tools/libtool/src "-DLT_CONFIG_H=<config.h>" -DLTDL -I. -I/home/jcebrian/parvec-3.0_bitbucket/bin/../pkgs/tools/libtool/src -Ilibltdl -I/home/jcebrian/parvec-3.0_bitbucket/bin/../pkgs/tools/libtool/src/libltdl -I/home/jcebrian/parvec-3.0_bitbucket/bin/../pkgs/tools/libtool/src/libltdl/libltdl -msse4.2 -Werror -O2 -g3 -funroll-loops -fprefetch-loop-arrays -static-libgcc -Wl,--hash-style=both,--as-needed -DPARSEC_VERSION=3.0-beta-20120904 -I/home/jcebrian/parvec-3.0_bitbucket/bin/../pkgs/libs/simd_libs -static-libgcc -Wl,--hash-style=both,--as-needed -DENABLE_PARSEC_HOOKS -I/home/jcebrian/parvec-3.0_bitbucket/bin/../pkgs/libs/hooks/inst/amd64-linux.gcc-sse-hooks/include -I/home/jcebrian/parvec-3.0_bitbucket/bin/../pkgs/libs/simd_libs -DPARSEC_USE_SSE -static-libgcc -Wl,--hash-style=both,--as-needed -I/home/jcebrian/parvec-3.0_bitbucket/bin/../pkgs/libs/simd_libs -MT libltdl/loaders/dlopen.lo -MD -MP -MF libltdl/loaders/.deps/dlopen.Tpo -c /home/jcebrian/parvec-3.0_bitbucket/bin/../pkgs/tools/libtool/src/libltdl/loaders/dlopen.c -o libltdl/loaders/dlopen.o >/dev/null 2>&1
/bin/bash ./libtool --tag=CC   --mode=link /home/jcebrian/extras/gcc-6.1.0/bin/gcc  -msse4.2 -Werror -O2 -g3 -funroll-loops -fprefetch-loop-arrays -static-libgcc -Wl,--hash-style=both,--as-needed -DPARSEC_VERSION=3.0-beta-20120904 -I/home/jcebrian/parvec-3.0_bitbucket/bin/../pkgs/libs/simd_libs -static-libgcc -Wl,--hash-style=both,--as-needed -DENABLE_PARSEC_HOOKS -I/home/jcebrian/parvec-3.0_bitbucket/bin/../pkgs/libs/hooks/inst/amd64-linux.gcc-sse-hooks/include -I/home/jcebrian/parvec-3.0_bitbucket/bin/../pkgs/libs/simd_libs -DPARSEC_USE_SSE -static-libgcc -Wl,--hash-style=both,--as-needed -I/home/jcebrian/parvec-3.0_bitbucket/bin/../pkgs/libs/simd_libs -module -avoid-version -L/home/jcebrian/extras/gcc-6.1.0/lib64 -L/home/jcebrian/extras/gcc-6.1.0/lib -L/home/jcebrian/parvec-3.0_bitbucket/bin/../pkgs/libs/hooks/inst/amd64-linux.gcc-sse-hooks/lib   -o libltdl/dlopen.la  libltdl/loaders/dlopen.lo -ldl -ldl 
mv -f libltdl/.deps/libltdl_libltdl_la-slist.Tpo libltdl/.deps/libltdl_libltdl_la-slist.Plo
libtool: link: /usr/bin/ar cru libltdl/.libs/dlopen.a libltdl/loaders/.libs/dlopen.o 
libtool: link: /usr/bin/ranlib libltdl/.libs/dlopen.a
libtool: link: ( cd "libltdl/.libs" && rm -f "dlopen.la" && ln -s "../dlopen.la" "dlopen.la" )
libtool: compile:  /home/jcebrian/extras/gcc-6.1.0/bin/gcc -DHAVE_CONFIG_H -I. -I/home/jcebrian/parvec-3.0_bitbucket/bin/../pkgs/tools/libtool/src -DLTDLOPEN=libltdl "-DLT_CONFIG_H=<config.h>" -DLTDL -I. -I/home/jcebrian/parvec-3.0_bitbucket/bin/../pkgs/tools/libtool/src -Ilibltdl -I/home/jcebrian/parvec-3.0_bitbucket/bin/../pkgs/tools/libtool/src/libltdl -I/home/jcebrian/parvec-3.0_bitbucket/bin/../pkgs/tools/libtool/src/libltdl/libltdl -msse4.2 -Werror -O2 -g3 -funroll-loops -fprefetch-loop-arrays -static-libgcc -Wl,--hash-style=both,--as-needed -DPARSEC_VERSION=3.0-beta-20120904 -I/home/jcebrian/parvec-3.0_bitbucket/bin/../pkgs/libs/simd_libs -static-libgcc -Wl,--hash-style=both,--as-needed -DENABLE_PARSEC_HOOKS -I/home/jcebrian/parvec-3.0_bitbucket/bin/../pkgs/libs/hooks/inst/amd64-linux.gcc-sse-hooks/include -I/home/jcebrian/parvec-3.0_bitbucket/bin/../pkgs/libs/simd_libs -DPARSEC_USE_SSE -static-libgcc -Wl,--hash-style=both,--as-needed -I/home/jcebrian/parvec-3.0_bitbucket/bin/../pkgs/libs/simd_libs -MT libltdl/libltdl_libltdl_la-ltdl.lo -MD -MP -MF libltdl/.deps/libltdl_libltdl_la-ltdl.Tpo -c /home/jcebrian/parvec-3.0_bitbucket/bin/../pkgs/tools/libtool/src/libltdl/ltdl.c -o libltdl/libltdl_libltdl_la-ltdl.o >/dev/null 2>&1
mv -f libltdl/.deps/libltdl_libltdl_la-ltdl.Tpo libltdl/.deps/libltdl_libltdl_la-ltdl.Plo
/bin/bash ./libtool --tag=CC   --mode=link /home/jcebrian/extras/gcc-6.1.0/bin/gcc  -msse4.2 -Werror -O2 -g3 -funroll-loops -fprefetch-loop-arrays -static-libgcc -Wl,--hash-style=both,--as-needed -DPARSEC_VERSION=3.0-beta-20120904 -I/home/jcebrian/parvec-3.0_bitbucket/bin/../pkgs/libs/simd_libs -static-libgcc -Wl,--hash-style=both,--as-needed -DENABLE_PARSEC_HOOKS -I/home/jcebrian/parvec-3.0_bitbucket/bin/../pkgs/libs/hooks/inst/amd64-linux.gcc-sse-hooks/include -I/home/jcebrian/parvec-3.0_bitbucket/bin/../pkgs/libs/simd_libs -DPARSEC_USE_SSE -static-libgcc -Wl,--hash-style=both,--as-needed -I/home/jcebrian/parvec-3.0_bitbucket/bin/../pkgs/libs/simd_libs -no-undefined -version-info 9:0:2 -dlpreopen libltdl/dlopen.la  -L/home/jcebrian/extras/gcc-6.1.0/lib64 -L/home/jcebrian/extras/gcc-6.1.0/lib -L/home/jcebrian/parvec-3.0_bitbucket/bin/../pkgs/libs/hooks/inst/amd64-linux.gcc-sse-hooks/lib   -o libltdl/libltdl.la -rpath /home/jcebrian/parvec-3.0_bitbucket/bin/../pkgs/tools/libtool/inst/amd64-linux.gcc-sse-hooks/lib libltdl/loaders/libltdl_libltdl_la-preopen.lo libltdl/libltdl_libltdl_la-lt__alloc.lo libltdl/libltdl_libltdl_la-lt_dlloader.lo libltdl/libltdl_libltdl_la-lt_error.lo libltdl/libltdl_libltdl_la-ltdl.lo libltdl/libltdl_libltdl_la-slist.lo libltdl/lt__strl.lo -ldl 
libtool: link: rm -f libltdl/.libs/libltdl.nm libltdl/.libs/libltdl.nmS libltdl/.libs/libltdl.nmT
libtool: link: (cd libltdl/.libs && /home/jcebrian/extras/gcc-6.1.0/bin/gcc -msse4.2 -Werror -O2 -g3 -funroll-loops -fprefetch-loop-arrays -static-libgcc -Wl,--hash-style=both,--as-needed -DPARSEC_VERSION=3.0-beta-20120904 -I/home/jcebrian/parvec-3.0_bitbucket/bin/../pkgs/libs/simd_libs -static-libgcc -Wl,--hash-style=both,--as-needed -DENABLE_PARSEC_HOOKS -I/home/jcebrian/parvec-3.0_bitbucket/bin/../pkgs/libs/hooks/inst/amd64-linux.gcc-sse-hooks/include -I/home/jcebrian/parvec-3.0_bitbucket/bin/../pkgs/libs/simd_libs -DPARSEC_USE_SSE -static-libgcc -Wl,--hash-style=both,--as-needed -I/home/jcebrian/parvec-3.0_bitbucket/bin/../pkgs/libs/simd_libs -c -fno-builtin  -fPIC -DPIC "libltdlS.c")
libtool: link: rm -f "libltdl/.libs/libltdlS.c" "libltdl/.libs/libltdl.nm" "libltdl/.libs/libltdl.nmS" "libltdl/.libs/libltdl.nmT"
libtool: link: (cd libltdl/.libs/libltdl.lax/dlopen.a && /usr/bin/ar x "/home/jcebrian/parvec-3.0_bitbucket/pkgs/tools/libtool/obj/amd64-linux.gcc-sse-hooks/libltdl/.libs/dlopen.a")
libtool: link: /home/jcebrian/extras/gcc-6.1.0/bin/gcc -shared  libltdl/loaders/.libs/libltdl_libltdl_la-preopen.o libltdl/.libs/libltdl_libltdl_la-lt__alloc.o libltdl/.libs/libltdl_libltdl_la-lt_dlloader.o libltdl/.libs/libltdl_libltdl_la-lt_error.o libltdl/.libs/libltdl_libltdl_la-ltdl.o libltdl/.libs/libltdl_libltdl_la-slist.o libltdl/.libs/lt__strl.o libltdl/.libs/libltdlS.o  libltdl/.libs/libltdl.lax/dlopen.a/dlopen.o   -ldl -L/home/jcebrian/extras/gcc-6.1.0/lib64 -L/home/jcebrian/extras/gcc-6.1.0/lib -L/home/jcebrian/parvec-3.0_bitbucket/bin/../pkgs/libs/hooks/inst/amd64-linux.gcc-sse-hooks/lib  -msse4.2 -Wl,--hash-style=both -Wl,--as-needed -Wl,--hash-style=both -Wl,--as-needed -Wl,--hash-style=both -Wl,--as-needed   -Wl,-soname -Wl,libltdl.so.7 -o libltdl/.libs/libltdl.so.7.2.0
libtool: link: (cd "libltdl/.libs" && rm -f "libltdl.so.7" && ln -s "libltdl.so.7.2.0" "libltdl.so.7")
libtool: link: (cd "libltdl/.libs" && rm -f "libltdl.so" && ln -s "libltdl.so.7.2.0" "libltdl.so")
libtool: link: (cd libltdl/.libs/libltdl.lax/lt1-dlopen.a && /usr/bin/ar x "/home/jcebrian/parvec-3.0_bitbucket/pkgs/tools/libtool/obj/amd64-linux.gcc-sse-hooks/libltdl/.libs/dlopen.a")
libtool: link: /usr/bin/ar cru libltdl/.libs/libltdl.a  libltdl/loaders/libltdl_libltdl_la-preopen.o libltdl/libltdl_libltdl_la-lt__alloc.o libltdl/libltdl_libltdl_la-lt_dlloader.o libltdl/libltdl_libltdl_la-lt_error.o libltdl/libltdl_libltdl_la-ltdl.o libltdl/libltdl_libltdl_la-slist.o libltdl/lt__strl.o libltdl/.libs/libltdlS.o  libltdl/.libs/libltdl.lax/lt1-dlopen.a/dlopen.o 
libtool: link: /usr/bin/ranlib libltdl/.libs/libltdl.a
libtool: link: rm -fr libltdl/.libs/libltdl.lax libltdl/.libs/libltdl.lax
libtool: link: ( cd "libltdl/.libs" && rm -f "libltdl.la" && ln -s "../libltdl.la" "libltdl.la" )
make[2]: Leaving directory `/home/jcebrian/parvec-3.0_bitbucket/pkgs/tools/libtool/obj/amd64-linux.gcc-sse-hooks'
make[1]: Leaving directory `/home/jcebrian/parvec-3.0_bitbucket/pkgs/tools/libtool/obj/amd64-linux.gcc-sse-hooks'
[PARSEC] Running 'env LIBS= /usr/bin/make -j4 install':
/usr/bin/make -j4  install-recursive
make[1]: Entering directory `/home/jcebrian/parvec-3.0_bitbucket/pkgs/tools/libtool/obj/amd64-linux.gcc-sse-hooks'
make[2]: Entering directory `/home/jcebrian/parvec-3.0_bitbucket/pkgs/tools/libtool/obj/amd64-linux.gcc-sse-hooks'
make[3]: Entering directory `/home/jcebrian/parvec-3.0_bitbucket/pkgs/tools/libtool/obj/amd64-linux.gcc-sse-hooks'
test -z "/home/jcebrian/parvec-3.0_bitbucket/bin/../pkgs/tools/libtool/inst/amd64-linux.gcc-sse-hooks/bin" || /bin/mkdir -p "/home/jcebrian/parvec-3.0_bitbucket/bin/../pkgs/tools/libtool/inst/amd64-linux.gcc-sse-hooks/bin"
test -z "/home/jcebrian/parvec-3.0_bitbucket/bin/../pkgs/tools/libtool/inst/amd64-linux.gcc-sse-hooks/include" || /bin/mkdir -p "/home/jcebrian/parvec-3.0_bitbucket/bin/../pkgs/tools/libtool/inst/amd64-linux.gcc-sse-hooks/include"
rm -rf /home/jcebrian/parvec-3.0_bitbucket/bin/../pkgs/tools/libtool/inst/amd64-linux.gcc-sse-hooks/share/libtool/*
test -z "/home/jcebrian/parvec-3.0_bitbucket/bin/../pkgs/tools/libtool/inst/amd64-linux.gcc-sse-hooks/share/info" || /bin/mkdir -p "/home/jcebrian/parvec-3.0_bitbucket/bin/../pkgs/tools/libtool/inst/amd64-linux.gcc-sse-hooks/share/info"
/bin/bash /home/jcebrian/parvec-3.0_bitbucket/pkgs/tools/libtool/src/libltdl/config/install-sh -d /home/jcebrian/parvec-3.0_bitbucket/bin/../pkgs/tools/libtool/inst/amd64-linux.gcc-sse-hooks/share/aclocal
 /home/jcebrian/parvec-3.0_bitbucket/bin/../bin/install -c 'libtoolize' '/home/jcebrian/parvec-3.0_bitbucket/bin/../pkgs/tools/libtool/inst/amd64-linux.gcc-sse-hooks/bin/libtoolize'
 /home/jcebrian/parvec-3.0_bitbucket/bin/../bin/install -c -m 644 '/home/jcebrian/parvec-3.0_bitbucket/bin/../pkgs/tools/libtool/src/libltdl/ltdl.h' '/home/jcebrian/parvec-3.0_bitbucket/bin/../pkgs/tools/libtool/inst/amd64-linux.gcc-sse-hooks/include/ltdl.h'
 /home/jcebrian/parvec-3.0_bitbucket/bin/../bin/install -c 'libtool' '/home/jcebrian/parvec-3.0_bitbucket/bin/../pkgs/tools/libtool/inst/amd64-linux.gcc-sse-hooks/bin/libtool'
 /home/jcebrian/parvec-3.0_bitbucket/bin/../bin/install -c -m 644 '/home/jcebrian/parvec-3.0_bitbucket/bin/../pkgs/tools/libtool/src/doc/libtool.info' '/home/jcebrian/parvec-3.0_bitbucket/bin/../pkgs/tools/libtool/inst/amd64-linux.gcc-sse-hooks/share/info/libtool.info'
test -z "/home/jcebrian/parvec-3.0_bitbucket/bin/../pkgs/tools/libtool/inst/amd64-linux.gcc-sse-hooks/include/libltdl" || /bin/mkdir -p "/home/jcebrian/parvec-3.0_bitbucket/bin/../pkgs/tools/libtool/inst/amd64-linux.gcc-sse-hooks/include/libltdl"
 /home/jcebrian/parvec-3.0_bitbucket/bin/../bin/install -c -m 644 '/home/jcebrian/parvec-3.0_bitbucket/bin/../pkgs/tools/libtool/src/libltdl/m4/argz.m4' '/home/jcebrian/parvec-3.0_bitbucket/bin/../pkgs/tools/libtool/inst/amd64-linux.gcc-sse-hooks/share/aclocal/argz.m4'
 /home/jcebrian/parvec-3.0_bitbucket/bin/../bin/install -c -m 644 '/home/jcebrian/parvec-3.0_bitbucket/bin/../pkgs/tools/libtool/src/libltdl/libltdl/lt_system.h' '/home/jcebrian/parvec-3.0_bitbucket/bin/../pkgs/tools/libtool/inst/amd64-linux.gcc-sse-hooks/include/libltdl/lt_system.h'
 /home/jcebrian/parvec-3.0_bitbucket/bin/../bin/install -c -m 644 '/home/jcebrian/parvec-3.0_bitbucket/bin/../pkgs/tools/libtool/src/doc/libtool.info-1' '/home/jcebrian/parvec-3.0_bitbucket/bin/../pkgs/tools/libtool/inst/amd64-linux.gcc-sse-hooks/share/info/libtool.info-1'
test -z "/home/jcebrian/parvec-3.0_bitbucket/bin/../pkgs/tools/libtool/inst/amd64-linux.gcc-sse-hooks/lib" || /bin/mkdir -p "/home/jcebrian/parvec-3.0_bitbucket/bin/../pkgs/tools/libtool/inst/amd64-linux.gcc-sse-hooks/lib"
 /home/jcebrian/parvec-3.0_bitbucket/bin/../bin/install -c -m 644 '/home/jcebrian/parvec-3.0_bitbucket/bin/../pkgs/tools/libtool/src/libltdl/m4/libtool.m4' '/home/jcebrian/parvec-3.0_bitbucket/bin/../pkgs/tools/libtool/inst/amd64-linux.gcc-sse-hooks/share/aclocal/libtool.m4'
 /bin/bash ./libtool   --mode=install /home/jcebrian/parvec-3.0_bitbucket/bin/../bin/install -c  'libltdl/libltdl.la' '/home/jcebrian/parvec-3.0_bitbucket/bin/../pkgs/tools/libtool/inst/amd64-linux.gcc-sse-hooks/lib/libltdl.la'
 /home/jcebrian/parvec-3.0_bitbucket/bin/../bin/install -c -m 644 '/home/jcebrian/parvec-3.0_bitbucket/bin/../pkgs/tools/libtool/src/doc/libtool.info-2' '/home/jcebrian/parvec-3.0_bitbucket/bin/../pkgs/tools/libtool/inst/amd64-linux.gcc-sse-hooks/share/info/libtool.info-2'
 /home/jcebrian/parvec-3.0_bitbucket/bin/../bin/install -c -m 644 '/home/jcebrian/parvec-3.0_bitbucket/bin/../pkgs/tools/libtool/src/libltdl/libltdl/lt_error.h' '/home/jcebrian/parvec-3.0_bitbucket/bin/../pkgs/tools/libtool/inst/amd64-linux.gcc-sse-hooks/include/libltdl/lt_error.h'
 /home/jcebrian/parvec-3.0_bitbucket/bin/../bin/install -c -m 644 '/home/jcebrian/parvec-3.0_bitbucket/bin/../pkgs/tools/libtool/src/libltdl/libltdl/lt_dlloader.h' '/home/jcebrian/parvec-3.0_bitbucket/bin/../pkgs/tools/libtool/inst/amd64-linux.gcc-sse-hooks/include/libltdl/lt_dlloader.h'
 /home/jcebrian/parvec-3.0_bitbucket/bin/../bin/install -c -m 644 '/home/jcebrian/parvec-3.0_bitbucket/bin/../pkgs/tools/libtool/src/libltdl/m4/ltdl.m4' '/home/jcebrian/parvec-3.0_bitbucket/bin/../pkgs/tools/libtool/inst/amd64-linux.gcc-sse-hooks/share/aclocal/ltdl.m4'
libtool: install: /home/jcebrian/parvec-3.0_bitbucket/bin/../bin/install -c libltdl/.libs/libltdl.so.7.2.0 /home/jcebrian/parvec-3.0_bitbucket/bin/../pkgs/tools/libtool/inst/amd64-linux.gcc-sse-hooks/lib/libltdl.so.7.2.0
 install-info --info-dir='/home/jcebrian/parvec-3.0_bitbucket/bin/../pkgs/tools/libtool/inst/amd64-linux.gcc-sse-hooks/share/info' '/home/jcebrian/parvec-3.0_bitbucket/bin/../pkgs/tools/libtool/inst/amd64-linux.gcc-sse-hooks/share/info/libtool.info'
 /home/jcebrian/parvec-3.0_bitbucket/bin/../bin/install -c -m 644 '/home/jcebrian/parvec-3.0_bitbucket/bin/../pkgs/tools/libtool/src/libltdl/m4/ltoptions.m4' '/home/jcebrian/parvec-3.0_bitbucket/bin/../pkgs/tools/libtool/inst/amd64-linux.gcc-sse-hooks/share/aclocal/ltoptions.m4'
libtool: install: (cd /home/jcebrian/parvec-3.0_bitbucket/bin/../pkgs/tools/libtool/inst/amd64-linux.gcc-sse-hooks/lib && { ln -s -f libltdl.so.7.2.0 libltdl.so.7 || { rm -f libltdl.so.7 && ln -s libltdl.so.7.2.0 libltdl.so.7; }; })
libtool: install: (cd /home/jcebrian/parvec-3.0_bitbucket/bin/../pkgs/tools/libtool/inst/amd64-linux.gcc-sse-hooks/lib && { ln -s -f libltdl.so.7.2.0 libltdl.so || { rm -f libltdl.so && ln -s libltdl.so.7.2.0 libltdl.so; }; })
libtool: install: /home/jcebrian/parvec-3.0_bitbucket/bin/../bin/install -c libltdl/.libs/libltdl.lai /home/jcebrian/parvec-3.0_bitbucket/bin/../pkgs/tools/libtool/inst/amd64-linux.gcc-sse-hooks/lib/libltdl.la
 /home/jcebrian/parvec-3.0_bitbucket/bin/../bin/install -c -m 644 '/home/jcebrian/parvec-3.0_bitbucket/bin/../pkgs/tools/libtool/src/libltdl/m4/ltsugar.m4' '/home/jcebrian/parvec-3.0_bitbucket/bin/../pkgs/tools/libtool/inst/amd64-linux.gcc-sse-hooks/share/aclocal/ltsugar.m4'
libtool: install: /home/jcebrian/parvec-3.0_bitbucket/bin/../bin/install -c libltdl/.libs/libltdl.a /home/jcebrian/parvec-3.0_bitbucket/bin/../pkgs/tools/libtool/inst/amd64-linux.gcc-sse-hooks/lib/libltdl.a
 /home/jcebrian/parvec-3.0_bitbucket/bin/../bin/install -c -m 644 '/home/jcebrian/parvec-3.0_bitbucket/bin/../pkgs/tools/libtool/src/libltdl/m4/ltversion.m4' '/home/jcebrian/parvec-3.0_bitbucket/bin/../pkgs/tools/libtool/inst/amd64-linux.gcc-sse-hooks/share/aclocal/ltversion.m4'
libtool: install: chmod 644 /home/jcebrian/parvec-3.0_bitbucket/bin/../pkgs/tools/libtool/inst/amd64-linux.gcc-sse-hooks/lib/libltdl.a
libtool: install: /usr/bin/ranlib /home/jcebrian/parvec-3.0_bitbucket/bin/../pkgs/tools/libtool/inst/amd64-linux.gcc-sse-hooks/lib/libltdl.a
 /home/jcebrian/parvec-3.0_bitbucket/bin/../bin/install -c -m 644 '/home/jcebrian/parvec-3.0_bitbucket/bin/../pkgs/tools/libtool/src/libltdl/m4/lt~obsolete.m4' '/home/jcebrian/parvec-3.0_bitbucket/bin/../pkgs/tools/libtool/inst/amd64-linux.gcc-sse-hooks/share/aclocal/lt~obsolete.m4'
/bin/bash /home/jcebrian/parvec-3.0_bitbucket/pkgs/tools/libtool/src/libltdl/config/install-sh -d /home/jcebrian/parvec-3.0_bitbucket/bin/../pkgs/tools/libtool/inst/amd64-linux.gcc-sse-hooks/share/libtool
/bin/bash /home/jcebrian/parvec-3.0_bitbucket/pkgs/tools/libtool/src/libltdl/config/install-sh -d /home/jcebrian/parvec-3.0_bitbucket/bin/../pkgs/tools/libtool/inst/amd64-linux.gcc-sse-hooks/share/libtool/config
 /home/jcebrian/parvec-3.0_bitbucket/bin/../bin/install -c '/home/jcebrian/parvec-3.0_bitbucket/bin/../pkgs/tools/libtool/src/libltdl/config/compile' '/home/jcebrian/parvec-3.0_bitbucket/bin/../pkgs/tools/libtool/inst/amd64-linux.gcc-sse-hooks/share/libtool/config/compile'
libtool: finish: PATH="/home/jcebrian/parvec-3.0_bitbucket/bin/../bin:/usr/local/sbin:/usr/local/bin:/usr/sbin:/usr/bin:/sbin:/bin:/usr/games:/usr/local/games:/sbin" ldconfig -n /home/jcebrian/parvec-3.0_bitbucket/bin/../pkgs/tools/libtool/inst/amd64-linux.gcc-sse-hooks/lib
----------------------------------------------------------------------
Libraries have been installed in:
   /home/jcebrian/parvec-3.0_bitbucket/bin/../pkgs/tools/libtool/inst/amd64-linux.gcc-sse-hooks/lib

If you ever happen to want to link against installed libraries
in a given directory, LIBDIR, you must either use libtool, and
specify the full pathname of the library, or use the `-LLIBDIR'
flag during linking and do at least one of the following:
   - add LIBDIR to the `LD_LIBRARY_PATH' environment variable
     during execution
   - add LIBDIR to the `LD_RUN_PATH' environment variable
     during linking
   - use the `-Wl,-rpath -Wl,LIBDIR' linker flag
   - have your system administrator add LIBDIR to `/etc/ld.so.conf'

See any operating system documentation about shared libraries for
more information, such as the ld(1) and ld.so(8) manual pages.
 /home/jcebrian/parvec-3.0_bitbucket/bin/../bin/install -c '/home/jcebrian/parvec-3.0_bitbucket/bin/../pkgs/tools/libtool/src/libltdl/config/config.guess' '/home/jcebrian/parvec-3.0_bitbucket/bin/../pkgs/tools/libtool/inst/amd64-linux.gcc-sse-hooks/share/libtool/config/config.guess'
----------------------------------------------------------------------
 /home/jcebrian/parvec-3.0_bitbucket/bin/../bin/install -c '/home/jcebrian/parvec-3.0_bitbucket/bin/../pkgs/tools/libtool/src/libltdl/config/config.sub' '/home/jcebrian/parvec-3.0_bitbucket/bin/../pkgs/tools/libtool/inst/amd64-linux.gcc-sse-hooks/share/libtool/config/config.sub'
 /home/jcebrian/parvec-3.0_bitbucket/bin/../bin/install -c '/home/jcebrian/parvec-3.0_bitbucket/bin/../pkgs/tools/libtool/src/libltdl/config/depcomp' '/home/jcebrian/parvec-3.0_bitbucket/bin/../pkgs/tools/libtool/inst/amd64-linux.gcc-sse-hooks/share/libtool/config/depcomp'
 /home/jcebrian/parvec-3.0_bitbucket/bin/../bin/install -c '/home/jcebrian/parvec-3.0_bitbucket/bin/../pkgs/tools/libtool/src/libltdl/config/install-sh' '/home/jcebrian/parvec-3.0_bitbucket/bin/../pkgs/tools/libtool/inst/amd64-linux.gcc-sse-hooks/share/libtool/config/install-sh'
 /home/jcebrian/parvec-3.0_bitbucket/bin/../bin/install -c '/home/jcebrian/parvec-3.0_bitbucket/bin/../pkgs/tools/libtool/src/libltdl/config/missing' '/home/jcebrian/parvec-3.0_bitbucket/bin/../pkgs/tools/libtool/inst/amd64-linux.gcc-sse-hooks/share/libtool/config/missing'
 /home/jcebrian/parvec-3.0_bitbucket/bin/../bin/install -c '/home/jcebrian/parvec-3.0_bitbucket/bin/../pkgs/tools/libtool/src/libltdl/config/ltmain.sh' '/home/jcebrian/parvec-3.0_bitbucket/bin/../pkgs/tools/libtool/inst/amd64-linux.gcc-sse-hooks/share/libtool/config/ltmain.sh'
/bin/bash /home/jcebrian/parvec-3.0_bitbucket/pkgs/tools/libtool/src/libltdl/config/install-sh -d /home/jcebrian/parvec-3.0_bitbucket/bin/../pkgs/tools/libtool/inst/amd64-linux.gcc-sse-hooks/share/libtool/libltdl
/bin/bash /home/jcebrian/parvec-3.0_bitbucket/pkgs/tools/libtool/src/libltdl/config/install-sh -d /home/jcebrian/parvec-3.0_bitbucket/bin/../pkgs/tools/libtool/inst/amd64-linux.gcc-sse-hooks/share/libtool/libltdl/libltdl
/bin/bash /home/jcebrian/parvec-3.0_bitbucket/pkgs/tools/libtool/src/libltdl/config/install-sh -d /home/jcebrian/parvec-3.0_bitbucket/bin/../pkgs/tools/libtool/inst/amd64-linux.gcc-sse-hooks/share/libtool/libltdl/loaders
 /home/jcebrian/parvec-3.0_bitbucket/bin/../bin/install -c -m 644 '/home/jcebrian/parvec-3.0_bitbucket/bin/../pkgs/tools/libtool/src/libltdl/COPYING.LIB' '/home/jcebrian/parvec-3.0_bitbucket/bin/../pkgs/tools/libtool/inst/amd64-linux.gcc-sse-hooks/share/libtool/libltdl/COPYING.LIB'
 /home/jcebrian/parvec-3.0_bitbucket/bin/../bin/install -c -m 644 '/home/jcebrian/parvec-3.0_bitbucket/bin/../pkgs/tools/libtool/src/libltdl/README' '/home/jcebrian/parvec-3.0_bitbucket/bin/../pkgs/tools/libtool/inst/amd64-linux.gcc-sse-hooks/share/libtool/libltdl/README'
 /home/jcebrian/parvec-3.0_bitbucket/bin/../bin/install -c -m 644 '/home/jcebrian/parvec-3.0_bitbucket/bin/../pkgs/tools/libtool/src/libltdl/Makefile.inc' '/home/jcebrian/parvec-3.0_bitbucket/bin/../pkgs/tools/libtool/inst/amd64-linux.gcc-sse-hooks/share/libtool/libltdl/Makefile.inc'
 /home/jcebrian/parvec-3.0_bitbucket/bin/../bin/install -c -m 644 '/home/jcebrian/parvec-3.0_bitbucket/bin/../pkgs/tools/libtool/src/libltdl/Makefile.am' '/home/jcebrian/parvec-3.0_bitbucket/bin/../pkgs/tools/libtool/inst/amd64-linux.gcc-sse-hooks/share/libtool/libltdl/Makefile.am'
 /home/jcebrian/parvec-3.0_bitbucket/bin/../bin/install -c -m 644 '/home/jcebrian/parvec-3.0_bitbucket/bin/../pkgs/tools/libtool/src/libltdl/configure.ac' '/home/jcebrian/parvec-3.0_bitbucket/bin/../pkgs/tools/libtool/inst/amd64-linux.gcc-sse-hooks/share/libtool/libltdl/configure.ac'
 /home/jcebrian/parvec-3.0_bitbucket/bin/../bin/install -c -m 644 '/home/jcebrian/parvec-3.0_bitbucket/bin/../pkgs/tools/libtool/src/libltdl/aclocal.m4' '/home/jcebrian/parvec-3.0_bitbucket/bin/../pkgs/tools/libtool/inst/amd64-linux.gcc-sse-hooks/share/libtool/libltdl/aclocal.m4'
 /home/jcebrian/parvec-3.0_bitbucket/bin/../bin/install -c -m 644 '/home/jcebrian/parvec-3.0_bitbucket/bin/../pkgs/tools/libtool/src/libltdl/Makefile.in' '/home/jcebrian/parvec-3.0_bitbucket/bin/../pkgs/tools/libtool/inst/amd64-linux.gcc-sse-hooks/share/libtool/libltdl/Makefile.in'
 /home/jcebrian/parvec-3.0_bitbucket/bin/../bin/install -c -m 644 '/home/jcebrian/parvec-3.0_bitbucket/bin/../pkgs/tools/libtool/src/libltdl/config-h.in' '/home/jcebrian/parvec-3.0_bitbucket/bin/../pkgs/tools/libtool/inst/amd64-linux.gcc-sse-hooks/share/libtool/libltdl/config-h.in'
 /home/jcebrian/parvec-3.0_bitbucket/bin/../bin/install -c -m 644 '/home/jcebrian/parvec-3.0_bitbucket/bin/../pkgs/tools/libtool/src/libltdl/configure' '/home/jcebrian/parvec-3.0_bitbucket/bin/../pkgs/tools/libtool/inst/amd64-linux.gcc-sse-hooks/share/libtool/libltdl/configure'
 /home/jcebrian/parvec-3.0_bitbucket/bin/../bin/install -c -m 644 '/home/jcebrian/parvec-3.0_bitbucket/bin/../pkgs/tools/libtool/src/libltdl/argz_.h' '/home/jcebrian/parvec-3.0_bitbucket/bin/../pkgs/tools/libtool/inst/amd64-linux.gcc-sse-hooks/share/libtool/libltdl/argz_.h'
 /home/jcebrian/parvec-3.0_bitbucket/bin/../bin/install -c -m 644 '/home/jcebrian/parvec-3.0_bitbucket/bin/../pkgs/tools/libtool/src/libltdl/argz.c' '/home/jcebrian/parvec-3.0_bitbucket/bin/../pkgs/tools/libtool/inst/amd64-linux.gcc-sse-hooks/share/libtool/libltdl/argz.c'
 /home/jcebrian/parvec-3.0_bitbucket/bin/../bin/install -c -m 644 '/home/jcebrian/parvec-3.0_bitbucket/bin/../pkgs/tools/libtool/src/libltdl/loaders/dld_link.c' '/home/jcebrian/parvec-3.0_bitbucket/bin/../pkgs/tools/libtool/inst/amd64-linux.gcc-sse-hooks/share/libtool/libltdl/loaders/dld_link.c'
 /home/jcebrian/parvec-3.0_bitbucket/bin/../bin/install -c -m 644 '/home/jcebrian/parvec-3.0_bitbucket/bin/../pkgs/tools/libtool/src/libltdl/loaders/dlopen.c' '/home/jcebrian/parvec-3.0_bitbucket/bin/../pkgs/tools/libtool/inst/amd64-linux.gcc-sse-hooks/share/libtool/libltdl/loaders/dlopen.c'
 /home/jcebrian/parvec-3.0_bitbucket/bin/../bin/install -c -m 644 '/home/jcebrian/parvec-3.0_bitbucket/bin/../pkgs/tools/libtool/src/libltdl/loaders/dyld.c' '/home/jcebrian/parvec-3.0_bitbucket/bin/../pkgs/tools/libtool/inst/amd64-linux.gcc-sse-hooks/share/libtool/libltdl/loaders/dyld.c'
 /home/jcebrian/parvec-3.0_bitbucket/bin/../bin/install -c -m 644 '/home/jcebrian/parvec-3.0_bitbucket/bin/../pkgs/tools/libtool/src/libltdl/loaders/load_add_on.c' '/home/jcebrian/parvec-3.0_bitbucket/bin/../pkgs/tools/libtool/inst/amd64-linux.gcc-sse-hooks/share/libtool/libltdl/loaders/load_add_on.c'
 /home/jcebrian/parvec-3.0_bitbucket/bin/../bin/install -c -m 644 '/home/jcebrian/parvec-3.0_bitbucket/bin/../pkgs/tools/libtool/src/libltdl/loaders/loadlibrary.c' '/home/jcebrian/parvec-3.0_bitbucket/bin/../pkgs/tools/libtool/inst/amd64-linux.gcc-sse-hooks/share/libtool/libltdl/loaders/loadlibrary.c'
 /home/jcebrian/parvec-3.0_bitbucket/bin/../bin/install -c -m 644 '/home/jcebrian/parvec-3.0_bitbucket/bin/../pkgs/tools/libtool/src/libltdl/loaders/shl_load.c' '/home/jcebrian/parvec-3.0_bitbucket/bin/../pkgs/tools/libtool/inst/amd64-linux.gcc-sse-hooks/share/libtool/libltdl/loaders/shl_load.c'
 /home/jcebrian/parvec-3.0_bitbucket/bin/../bin/install -c -m 644 '/home/jcebrian/parvec-3.0_bitbucket/bin/../pkgs/tools/libtool/src/libltdl/lt__dirent.c' '/home/jcebrian/parvec-3.0_bitbucket/bin/../pkgs/tools/libtool/inst/amd64-linux.gcc-sse-hooks/share/libtool/libltdl/lt__dirent.c'
 /home/jcebrian/parvec-3.0_bitbucket/bin/../bin/install -c -m 644 '/home/jcebrian/parvec-3.0_bitbucket/bin/../pkgs/tools/libtool/src/libltdl/lt__strl.c' '/home/jcebrian/parvec-3.0_bitbucket/bin/../pkgs/tools/libtool/inst/amd64-linux.gcc-sse-hooks/share/libtool/libltdl/lt__strl.c'
 /home/jcebrian/parvec-3.0_bitbucket/bin/../bin/install -c -m 644 '/home/jcebrian/parvec-3.0_bitbucket/bin/../pkgs/tools/libtool/src/libltdl/libltdl/lt__alloc.h' '/home/jcebrian/parvec-3.0_bitbucket/bin/../pkgs/tools/libtool/inst/amd64-linux.gcc-sse-hooks/share/libtool/libltdl/libltdl/lt__alloc.h'
 /home/jcebrian/parvec-3.0_bitbucket/bin/../bin/install -c -m 644 '/home/jcebrian/parvec-3.0_bitbucket/bin/../pkgs/tools/libtool/src/libltdl/libltdl/lt__dirent.h' '/home/jcebrian/parvec-3.0_bitbucket/bin/../pkgs/tools/libtool/inst/amd64-linux.gcc-sse-hooks/share/libtool/libltdl/libltdl/lt__dirent.h'
 /home/jcebrian/parvec-3.0_bitbucket/bin/../bin/install -c -m 644 '/home/jcebrian/parvec-3.0_bitbucket/bin/../pkgs/tools/libtool/src/libltdl/libltdl/lt__glibc.h' '/home/jcebrian/parvec-3.0_bitbucket/bin/../pkgs/tools/libtool/inst/amd64-linux.gcc-sse-hooks/share/libtool/libltdl/libltdl/lt__glibc.h'
 /home/jcebrian/parvec-3.0_bitbucket/bin/../bin/install -c -m 644 '/home/jcebrian/parvec-3.0_bitbucket/bin/../pkgs/tools/libtool/src/libltdl/libltdl/lt__private.h' '/home/jcebrian/parvec-3.0_bitbucket/bin/../pkgs/tools/libtool/inst/amd64-linux.gcc-sse-hooks/share/libtool/libltdl/libltdl/lt__private.h'
 /home/jcebrian/parvec-3.0_bitbucket/bin/../bin/install -c -m 644 '/home/jcebrian/parvec-3.0_bitbucket/bin/../pkgs/tools/libtool/src/libltdl/libltdl/lt__strl.h' '/home/jcebrian/parvec-3.0_bitbucket/bin/../pkgs/tools/libtool/inst/amd64-linux.gcc-sse-hooks/share/libtool/libltdl/libltdl/lt__strl.h'
 /home/jcebrian/parvec-3.0_bitbucket/bin/../bin/install -c -m 644 '/home/jcebrian/parvec-3.0_bitbucket/bin/../pkgs/tools/libtool/src/libltdl/libltdl/lt_dlloader.h' '/home/jcebrian/parvec-3.0_bitbucket/bin/../pkgs/tools/libtool/inst/amd64-linux.gcc-sse-hooks/share/libtool/libltdl/libltdl/lt_dlloader.h'
 /home/jcebrian/parvec-3.0_bitbucket/bin/../bin/install -c -m 644 '/home/jcebrian/parvec-3.0_bitbucket/bin/../pkgs/tools/libtool/src/libltdl/libltdl/lt_error.h' '/home/jcebrian/parvec-3.0_bitbucket/bin/../pkgs/tools/libtool/inst/amd64-linux.gcc-sse-hooks/share/libtool/libltdl/libltdl/lt_error.h'
 /home/jcebrian/parvec-3.0_bitbucket/bin/../bin/install -c -m 644 '/home/jcebrian/parvec-3.0_bitbucket/bin/../pkgs/tools/libtool/src/libltdl/libltdl/lt_system.h' '/home/jcebrian/parvec-3.0_bitbucket/bin/../pkgs/tools/libtool/inst/amd64-linux.gcc-sse-hooks/share/libtool/libltdl/libltdl/lt_system.h'
 /home/jcebrian/parvec-3.0_bitbucket/bin/../bin/install -c -m 644 '/home/jcebrian/parvec-3.0_bitbucket/bin/../pkgs/tools/libtool/src/libltdl/libltdl/slist.h' '/home/jcebrian/parvec-3.0_bitbucket/bin/../pkgs/tools/libtool/inst/amd64-linux.gcc-sse-hooks/share/libtool/libltdl/libltdl/slist.h'
 /home/jcebrian/parvec-3.0_bitbucket/bin/../bin/install -c -m 644 '/home/jcebrian/parvec-3.0_bitbucket/bin/../pkgs/tools/libtool/src/libltdl/loaders/preopen.c' '/home/jcebrian/parvec-3.0_bitbucket/bin/../pkgs/tools/libtool/inst/amd64-linux.gcc-sse-hooks/share/libtool/libltdl/loaders/preopen.c'
 /home/jcebrian/parvec-3.0_bitbucket/bin/../bin/install -c -m 644 '/home/jcebrian/parvec-3.0_bitbucket/bin/../pkgs/tools/libtool/src/libltdl/lt__alloc.c' '/home/jcebrian/parvec-3.0_bitbucket/bin/../pkgs/tools/libtool/inst/amd64-linux.gcc-sse-hooks/share/libtool/libltdl/lt__alloc.c'
 /home/jcebrian/parvec-3.0_bitbucket/bin/../bin/install -c -m 644 '/home/jcebrian/parvec-3.0_bitbucket/bin/../pkgs/tools/libtool/src/libltdl/lt_dlloader.c' '/home/jcebrian/parvec-3.0_bitbucket/bin/../pkgs/tools/libtool/inst/amd64-linux.gcc-sse-hooks/share/libtool/libltdl/lt_dlloader.c'
 /home/jcebrian/parvec-3.0_bitbucket/bin/../bin/install -c -m 644 '/home/jcebrian/parvec-3.0_bitbucket/bin/../pkgs/tools/libtool/src/libltdl/lt_error.c' '/home/jcebrian/parvec-3.0_bitbucket/bin/../pkgs/tools/libtool/inst/amd64-linux.gcc-sse-hooks/share/libtool/libltdl/lt_error.c'
 /home/jcebrian/parvec-3.0_bitbucket/bin/../bin/install -c -m 644 '/home/jcebrian/parvec-3.0_bitbucket/bin/../pkgs/tools/libtool/src/libltdl/ltdl.c' '/home/jcebrian/parvec-3.0_bitbucket/bin/../pkgs/tools/libtool/inst/amd64-linux.gcc-sse-hooks/share/libtool/libltdl/ltdl.c'
 /home/jcebrian/parvec-3.0_bitbucket/bin/../bin/install -c -m 644 '/home/jcebrian/parvec-3.0_bitbucket/bin/../pkgs/tools/libtool/src/libltdl/ltdl.h' '/home/jcebrian/parvec-3.0_bitbucket/bin/../pkgs/tools/libtool/inst/amd64-linux.gcc-sse-hooks/share/libtool/libltdl/ltdl.h'
 /home/jcebrian/parvec-3.0_bitbucket/bin/../bin/install -c -m 644 '/home/jcebrian/parvec-3.0_bitbucket/bin/../pkgs/tools/libtool/src/libltdl/slist.c' '/home/jcebrian/parvec-3.0_bitbucket/bin/../pkgs/tools/libtool/inst/amd64-linux.gcc-sse-hooks/share/libtool/libltdl/slist.c'
chmod a+x /home/jcebrian/parvec-3.0_bitbucket/bin/../pkgs/tools/libtool/inst/amd64-linux.gcc-sse-hooks/share/libtool/libltdl/configure
make[3]: Leaving directory `/home/jcebrian/parvec-3.0_bitbucket/pkgs/tools/libtool/obj/amd64-linux.gcc-sse-hooks'
make[2]: Leaving directory `/home/jcebrian/parvec-3.0_bitbucket/pkgs/tools/libtool/obj/amd64-linux.gcc-sse-hooks'
make[1]: Leaving directory `/home/jcebrian/parvec-3.0_bitbucket/pkgs/tools/libtool/obj/amd64-linux.gcc-sse-hooks'
[PARSEC] [---------- Building package parsec.hooks ----------]
[PARSEC] Copying source code of package parsec.hooks.
[PARSEC] Running 'env /usr/bin/make -j4':
/home/jcebrian/parvec-3.0_bitbucket/bin/../pkgs/tools/libtool/inst/amd64-linux.gcc-sse-hooks/bin/libtool --mode=compile /home/jcebrian/extras/gcc-6.1.0/bin/gcc -msse4.2 -Werror -O2 -g3 -funroll-loops -fprefetch-loop-arrays -static-libgcc -Wl,--hash-style=both,--as-needed -DPARSEC_VERSION=3.0-beta-20120904 -I/home/jcebrian/parvec-3.0_bitbucket/bin/../pkgs/libs/simd_libs -static-libgcc -Wl,--hash-style=both,--as-needed -DENABLE_PARSEC_HOOKS -I/home/jcebrian/parvec-3.0_bitbucket/bin/../pkgs/libs/hooks/inst/amd64-linux.gcc-sse-hooks/include -I/home/jcebrian/parvec-3.0_bitbucket/bin/../pkgs/libs/simd_libs -DPARSEC_USE_SSE -static-libgcc -Wl,--hash-style=both,--as-needed -I/home/jcebrian/parvec-3.0_bitbucket/bin/../pkgs/libs/simd_libs -Wall -D_GNU_SOURCE -D_XOPEN_SOURCE=600 -c hooks.c
libtool: compile:  /home/jcebrian/extras/gcc-6.1.0/bin/gcc -msse4.2 -Werror -O2 -g3 -funroll-loops -fprefetch-loop-arrays -static-libgcc -Wl,--hash-style=both,--as-needed -DPARSEC_VERSION=3.0-beta-20120904 -I/home/jcebrian/parvec-3.0_bitbucket/bin/../pkgs/libs/simd_libs -static-libgcc -Wl,--hash-style=both,--as-needed -DENABLE_PARSEC_HOOKS -I/home/jcebrian/parvec-3.0_bitbucket/bin/../pkgs/libs/hooks/inst/amd64-linux.gcc-sse-hooks/include -I/home/jcebrian/parvec-3.0_bitbucket/bin/../pkgs/libs/simd_libs -DPARSEC_USE_SSE -static-libgcc -Wl,--hash-style=both,--as-needed -I/home/jcebrian/parvec-3.0_bitbucket/bin/../pkgs/libs/simd_libs -Wall -D_GNU_SOURCE -D_XOPEN_SOURCE=600 -c hooks.c  -fPIC -DPIC -o .libs/hooks.o
libtool: compile:  /home/jcebrian/extras/gcc-6.1.0/bin/gcc -msse4.2 -Werror -O2 -g3 -funroll-loops -fprefetch-loop-arrays -static-libgcc -Wl,--hash-style=both,--as-needed -DPARSEC_VERSION=3.0-beta-20120904 -I/home/jcebrian/parvec-3.0_bitbucket/bin/../pkgs/libs/simd_libs -static-libgcc -Wl,--hash-style=both,--as-needed -DENABLE_PARSEC_HOOKS -I/home/jcebrian/parvec-3.0_bitbucket/bin/../pkgs/libs/hooks/inst/amd64-linux.gcc-sse-hooks/include -I/home/jcebrian/parvec-3.0_bitbucket/bin/../pkgs/libs/simd_libs -DPARSEC_USE_SSE -static-libgcc -Wl,--hash-style=both,--as-needed -I/home/jcebrian/parvec-3.0_bitbucket/bin/../pkgs/libs/simd_libs -Wall -D_GNU_SOURCE -D_XOPEN_SOURCE=600 -c hooks.c -o hooks.o >/dev/null 2>&1
/home/jcebrian/parvec-3.0_bitbucket/bin/../pkgs/tools/libtool/inst/amd64-linux.gcc-sse-hooks/bin/libtool --mode=link /home/jcebrian/extras/gcc-6.1.0/bin/gcc -msse4.2 -Werror -O2 -g3 -funroll-loops -fprefetch-loop-arrays -static-libgcc -Wl,--hash-style=both,--as-needed -DPARSEC_VERSION=3.0-beta-20120904 -I/home/jcebrian/parvec-3.0_bitbucket/bin/../pkgs/libs/simd_libs -static-libgcc -Wl,--hash-style=both,--as-needed -DENABLE_PARSEC_HOOKS -I/home/jcebrian/parvec-3.0_bitbucket/bin/../pkgs/libs/hooks/inst/amd64-linux.gcc-sse-hooks/include -I/home/jcebrian/parvec-3.0_bitbucket/bin/../pkgs/libs/simd_libs -DPARSEC_USE_SSE -static-libgcc -Wl,--hash-style=both,--as-needed -I/home/jcebrian/parvec-3.0_bitbucket/bin/../pkgs/libs/simd_libs hooks.lo -o libhooks.la -rpath /home/jcebrian/parvec-3.0_bitbucket/bin/../pkgs/libs/hooks/inst/amd64-linux.gcc-sse-hooks/lib
libtool: link: /home/jcebrian/extras/gcc-6.1.0/bin/gcc -shared  .libs/hooks.o    -msse4.2 -Wl,--hash-style=both -Wl,--as-needed -Wl,--hash-style=both -Wl,--as-needed -Wl,--hash-style=both -Wl,--as-needed   -Wl,-soname -Wl,libhooks.so.0 -o .libs/libhooks.so.0.0.0
libtool: link: (cd ".libs" && rm -f "libhooks.so.0" && ln -s "libhooks.so.0.0.0" "libhooks.so.0")
libtool: link: (cd ".libs" && rm -f "libhooks.so" && ln -s "libhooks.so.0.0.0" "libhooks.so")
libtool: link: /usr/bin/ar cru .libs/libhooks.a  hooks.o
libtool: link: /usr/bin/ranlib .libs/libhooks.a
libtool: link: ( cd ".libs" && rm -f "libhooks.la" && ln -s "../libhooks.la" "libhooks.la" )
[PARSEC] Running 'env /usr/bin/make -j4 install':
mkdir -p /home/jcebrian/parvec-3.0_bitbucket/bin/../pkgs/libs/hooks/inst/amd64-linux.gcc-sse-hooks/include
install -c include/* /home/jcebrian/parvec-3.0_bitbucket/bin/../pkgs/libs/hooks/inst/amd64-linux.gcc-sse-hooks/include
mkdir -p /home/jcebrian/parvec-3.0_bitbucket/bin/../pkgs/libs/hooks/inst/amd64-linux.gcc-sse-hooks/lib
/home/jcebrian/parvec-3.0_bitbucket/bin/../pkgs/tools/libtool/inst/amd64-linux.gcc-sse-hooks/bin/libtool --mode=install install -c libhooks.la /home/jcebrian/parvec-3.0_bitbucket/bin/../pkgs/libs/hooks/inst/amd64-linux.gcc-sse-hooks/lib
libtool: install: install -c .libs/libhooks.so.0.0.0 /home/jcebrian/parvec-3.0_bitbucket/bin/../pkgs/libs/hooks/inst/amd64-linux.gcc-sse-hooks/lib/libhooks.so.0.0.0
libtool: install: (cd /home/jcebrian/parvec-3.0_bitbucket/bin/../pkgs/libs/hooks/inst/amd64-linux.gcc-sse-hooks/lib && { ln -s -f libhooks.so.0.0.0 libhooks.so.0 || { rm -f libhooks.so.0 && ln -s libhooks.so.0.0.0 libhooks.so.0; }; })
libtool: install: (cd /home/jcebrian/parvec-3.0_bitbucket/bin/../pkgs/libs/hooks/inst/amd64-linux.gcc-sse-hooks/lib && { ln -s -f libhooks.so.0.0.0 libhooks.so || { rm -f libhooks.so && ln -s libhooks.so.0.0.0 libhooks.so; }; })
libtool: install: install -c .libs/libhooks.lai /home/jcebrian/parvec-3.0_bitbucket/bin/../pkgs/libs/hooks/inst/amd64-linux.gcc-sse-hooks/lib/libhooks.la
libtool: install: install -c .libs/libhooks.a /home/jcebrian/parvec-3.0_bitbucket/bin/../pkgs/libs/hooks/inst/amd64-linux.gcc-sse-hooks/lib/libhooks.a
libtool: install: chmod 644 /home/jcebrian/parvec-3.0_bitbucket/bin/../pkgs/libs/hooks/inst/amd64-linux.gcc-sse-hooks/lib/libhooks.a
libtool: install: /usr/bin/ranlib /home/jcebrian/parvec-3.0_bitbucket/bin/../pkgs/libs/hooks/inst/amd64-linux.gcc-sse-hooks/lib/libhooks.a
libtool: finish: PATH="/home/jcebrian/parvec-3.0_bitbucket/bin/../bin:/usr/local/sbin:/usr/local/bin:/usr/sbin:/usr/bin:/sbin:/bin:/usr/games:/usr/local/games:/sbin" ldconfig -n /home/jcebrian/parvec-3.0_bitbucket/bin/../pkgs/libs/hooks/inst/amd64-linux.gcc-sse-hooks/lib
----------------------------------------------------------------------
Libraries have been installed in:
   /home/jcebrian/parvec-3.0_bitbucket/bin/../pkgs/libs/hooks/inst/amd64-linux.gcc-sse-hooks/lib

If you ever happen to want to link against installed libraries
in a given directory, LIBDIR, you must either use libtool, and
specify the full pathname of the library, or use the `-LLIBDIR'
flag during linking and do at least one of the following:
   - add LIBDIR to the `LD_LIBRARY_PATH' environment variable
     during execution
   - add LIBDIR to the `LD_RUN_PATH' environment variable
     during linking
   - use the `-Wl,-rpath -Wl,LIBDIR' linker flag
   - have your system administrator add LIBDIR to `/etc/ld.so.conf'

See any operating system documentation about shared libraries for
more information, such as the ld(1) and ld.so(8) manual pages.
----------------------------------------------------------------------
/home/jcebrian/parvec-3.0_bitbucket/bin/../pkgs/tools/libtool/inst/amd64-linux.gcc-sse-hooks/bin/libtool --mode=finish /home/jcebrian/parvec-3.0_bitbucket/bin/../pkgs/libs/hooks/inst/amd64-linux.gcc-sse-hooks/lib
libtool: finish: PATH="/home/jcebrian/parvec-3.0_bitbucket/bin/../bin:/usr/local/sbin:/usr/local/bin:/usr/sbin:/usr/bin:/sbin:/bin:/usr/games:/usr/local/games:/sbin" ldconfig -n /home/jcebrian/parvec-3.0_bitbucket/bin/../pkgs/libs/hooks/inst/amd64-linux.gcc-sse-hooks/lib
----------------------------------------------------------------------
Libraries have been installed in:
   /home/jcebrian/parvec-3.0_bitbucket/bin/../pkgs/libs/hooks/inst/amd64-linux.gcc-sse-hooks/lib

If you ever happen to want to link against installed libraries
in a given directory, LIBDIR, you must either use libtool, and
specify the full pathname of the library, or use the `-LLIBDIR'
flag during linking and do at least one of the following:
   - add LIBDIR to the `LD_LIBRARY_PATH' environment variable
     during execution
   - add LIBDIR to the `LD_RUN_PATH' environment variable
     during linking
   - use the `-Wl,-rpath -Wl,LIBDIR' linker flag
   - have your system administrator add LIBDIR to `/etc/ld.so.conf'

See any operating system documentation about shared libraries for
more information, such as the ld(1) and ld.so(8) manual pages.
----------------------------------------------------------------------
[PARSEC] [---------- Building package parsec.simd.fluidanimate ----------]
[PARSEC] Copying source code of package parsec.simd.fluidanimate.
[PARSEC] Running 'env version=pthreads /usr/bin/make -j4':
/usr/bin/make -j4 -f Makefile.pthreads all
make[1]: Entering directory `/home/jcebrian/parvec-3.0_bitbucket/pkgs/apps_simd/fluidanimate/obj/amd64-linux.gcc-sse-hooks'
/home/jcebrian/extras/gcc-6.1.0/bin/g++ -msse4.2 -Werror -O2 -g3 -funroll-loops -fprefetch-loop-arrays -fpermissive -fno-exceptions -static-libgcc -Wl,--hash-style=both,--as-needed -DPARSEC_VERSION=3.0-beta-20120904 -I/home/jcebrian/parvec-3.0_bitbucket/bin/../pkgs/libs/simd_libs -static-libgcc -Wl,--hash-style=both,--as-needed -DENABLE_PARSEC_HOOKS -I/home/jcebrian/parvec-3.0_bitbucket/bin/../pkgs/libs/hooks/inst/amd64-linux.gcc-sse-hooks/include -I/home/jcebrian/parvec-3.0_bitbucket/bin/../pkgs/libs/simd_libs -DPARSEC_USE_SSE -static-libgcc -Wl,--hash-style=both,--as-needed -I/home/jcebrian/parvec-3.0_bitbucket/bin/../pkgs/libs/simd_libs -Wno-invalid-offsetof -pthread -D_GNU_SOURCE -D__XOPEN_SOURCE=600 -c pthreads.cpp
/home/jcebrian/extras/gcc-6.1.0/bin/g++ -msse4.2 -Werror -O2 -g3 -funroll-loops -fprefetch-loop-arrays -fpermissive -fno-exceptions -static-libgcc -Wl,--hash-style=both,--as-needed -DPARSEC_VERSION=3.0-beta-20120904 -I/home/jcebrian/parvec-3.0_bitbucket/bin/../pkgs/libs/simd_libs -static-libgcc -Wl,--hash-style=both,--as-needed -DENABLE_PARSEC_HOOKS -I/home/jcebrian/parvec-3.0_bitbucket/bin/../pkgs/libs/hooks/inst/amd64-linux.gcc-sse-hooks/include -I/home/jcebrian/parvec-3.0_bitbucket/bin/../pkgs/libs/simd_libs -DPARSEC_USE_SSE -static-libgcc -Wl,--hash-style=both,--as-needed -I/home/jcebrian/parvec-3.0_bitbucket/bin/../pkgs/libs/simd_libs -Wno-invalid-offsetof -pthread -D_GNU_SOURCE -D__XOPEN_SOURCE=600 -c cellpool.cpp
/home/jcebrian/extras/gcc-6.1.0/bin/g++ -msse4.2 -Werror -O2 -g3 -funroll-loops -fprefetch-loop-arrays -fpermissive -fno-exceptions -static-libgcc -Wl,--hash-style=both,--as-needed -DPARSEC_VERSION=3.0-beta-20120904 -I/home/jcebrian/parvec-3.0_bitbucket/bin/../pkgs/libs/simd_libs -static-libgcc -Wl,--hash-style=both,--as-needed -DENABLE_PARSEC_HOOKS -I/home/jcebrian/parvec-3.0_bitbucket/bin/../pkgs/libs/hooks/inst/amd64-linux.gcc-sse-hooks/include -I/home/jcebrian/parvec-3.0_bitbucket/bin/../pkgs/libs/simd_libs -DPARSEC_USE_SSE -static-libgcc -Wl,--hash-style=both,--as-needed -I/home/jcebrian/parvec-3.0_bitbucket/bin/../pkgs/libs/simd_libs -Wno-invalid-offsetof -pthread -D_GNU_SOURCE -D__XOPEN_SOURCE=600 -c parsec_barrier.cpp
rm -rf fluidcmp
/home/jcebrian/extras/gcc-6.1.0/bin/g++ -msse4.2 -Werror -O2 -g3 -funroll-loops -fprefetch-loop-arrays -fpermissive -fno-exceptions -static-libgcc -Wl,--hash-style=both,--as-needed -DPARSEC_VERSION=3.0-beta-20120904 -I/home/jcebrian/parvec-3.0_bitbucket/bin/../pkgs/libs/simd_libs -static-libgcc -Wl,--hash-style=both,--as-needed -DENABLE_PARSEC_HOOKS -I/home/jcebrian/parvec-3.0_bitbucket/bin/../pkgs/libs/hooks/inst/amd64-linux.gcc-sse-hooks/include -I/home/jcebrian/parvec-3.0_bitbucket/bin/../pkgs/libs/simd_libs -DPARSEC_USE_SSE -static-libgcc -Wl,--hash-style=both,--as-needed -I/home/jcebrian/parvec-3.0_bitbucket/bin/../pkgs/libs/simd_libs -Wno-invalid-offsetof -pthread -D_GNU_SOURCE -D__XOPEN_SOURCE=600 fluidcmp.cpp -o fluidcmp
make[1]: Leaving directory `/home/jcebrian/parvec-3.0_bitbucket/pkgs/apps_simd/fluidanimate/obj/amd64-linux.gcc-sse-hooks'
[PARSEC] Error: 'env version=pthreads /usr/bin/make -j4' failed.
